2026-03-18 19:19:19.334 | SUCCESS  | methods.tagfex.tagfex:train:241 - R0T[1/10]E[200/200] train
├> eval_acc1 92.60 eval_acc5 99.90 eval_nme1 92.20 eval_nme5 99.80 acc1_curve 92.60 acc5_curve 99.90 nme1_curve 92.20 nme5_curve 99.80 avg_acc1 92.60 avg_acc5 99.90 avg_nme1 92.20 avg_nme5 99.80
├> eval_acc1_per_task [92.60]
├> eval_acc5_per_task [99.90]
├> eval_nme1_per_task [92.20]
└> eval_nme5_per_task [99.80]
2026-03-18 19:35:48.830 | SUCCESS  | methods.tagfex.tagfex:train:241 - R0T[2/10]E[170/170] train
├> eval_acc1 84.90 eval_acc5 98.30 eval_nme1 85.20 eval_nme5 98.00 avg_acc1 88.75 avg_acc5 99.10 avg_nme1 88.70 avg_nme5 98.90
├> eval_acc1_per_task [88.40 81.40]
├> eval_acc5_per_task [99.20 97.40]
├> eval_nme1_per_task [87.50 82.90]
├> eval_nme5_per_task [99.00 97.00]
├> acc1_curve [92.60 84.90]
├> acc5_curve [99.90 98.30]
├> nme1_curve [92.20 85.20]
└> nme5_curve [99.80 98.00]
2026-03-18 19:53:36.021 | SUCCESS  | methods.tagfex.tagfex:train:241 - R0T[3/10]E[170/170] train
├> eval_acc1 83.63 eval_acc5 96.97 eval_nme1 83.00 eval_nme5 96.90 avg_acc1 87.04 avg_acc5 98.39 avg_nme1 86.80 avg_nme5 98.23
├> eval_acc1_per_task [84.50 80.20 86.20]
├> eval_acc5_per_task [96.90 95.70 98.30]
├> eval_nme1_per_task [83.50 77.80 87.70]
├> eval_nme5_per_task [97.30 95.00 98.40]
├> acc1_curve [92.60 84.90 83.63]
├> acc5_curve [99.90 98.30 96.97]
├> nme1_curve [92.20 85.20 83.00]
└> nme5_curve [99.80 98.00 96.90]
2026-03-18 20:12:34.782 | SUCCESS  | methods.tagfex.tagfex:train:241 - R0T[4/10]E[170/170] train
├> eval_acc1 80.75 eval_acc5 95.30 eval_nme1 78.80 eval_nme5 95.55 avg_acc1 85.47 avg_acc5 97.62 avg_nme1 84.80 avg_nme5 97.56
├> eval_acc1_per_task [83.10 76.00 83.90 80.00]
├> eval_acc5_per_task [95.60 93.60 95.90 96.10]
├> eval_nme1_per_task [79.20 73.00 80.80 82.20]
├> eval_nme5_per_task [95.80 94.00 95.90 96.50]
├> acc1_curve [92.60 84.90 83.63 80.75]
├> acc5_curve [99.90 98.30 96.97 95.30]
├> nme1_curve [92.20 85.20 83.00 78.80]
└> nme5_curve [99.80 98.00 96.90 95.55]
2026-03-18 20:32:57.753 | SUCCESS  | methods.tagfex.tagfex:train:241 - R0T[5/10]E[170/170] train
├> eval_acc1 78.58 eval_acc5 94.86 eval_nme1 76.50 eval_nme5 94.76 avg_acc1 84.09 avg_acc5 97.07 avg_nme1 83.14 avg_nme5 97.00
├> eval_acc1_per_task [78.80 72.30 80.00 79.50 82.30]
├> eval_acc5_per_task [94.60 91.90 94.90 94.50 98.40]
├> eval_nme1_per_task [76.00 67.50 77.80 75.30 85.90]
├> eval_nme5_per_task [94.50 92.00 94.60 95.00 97.70]
├> acc1_curve [92.60 84.90 83.63 80.75 78.58]
├> acc5_curve [99.90 98.30 96.97 95.30 94.86]
├> nme1_curve [92.20 85.20 83.00 78.80 76.50]
└> nme5_curve [99.80 98.00 96.90 95.55 94.76]
2026-03-18 20:54:37.899 | SUCCESS  | methods.tagfex.tagfex:train:241 - R0T[6/10]E[170/170] train
├> eval_acc1 76.93 eval_acc5 93.87 eval_nme1 73.35 eval_nme5 93.25 avg_acc1 82.90 avg_acc5 96.53 avg_nme1 81.51 avg_nme5 96.38
├> eval_acc1_per_task [76.60 70.80 77.70 75.50 84.40 76.60]
├> eval_acc5_per_task [93.70 90.40 93.60 93.00 96.70 95.80]
├> eval_nme1_per_task [72.10 64.30 73.50 69.90 78.00 82.30]
├> eval_nme5_per_task [92.40 89.50 92.10 93.30 96.30 95.90]
├> acc1_curve [92.60 84.90 83.63 80.75 78.58 76.93]
├> acc5_curve [99.90 98.30 96.97 95.30 94.86 93.87]
├> nme1_curve [92.20 85.20 83.00 78.80 76.50 73.35]
└> nme5_curve [99.80 98.00 96.90 95.55 94.76 93.25]
2026-03-18 21:17:36.105 | SUCCESS  | methods.tagfex.tagfex:train:241 - R0T[7/10]E[170/170] train
├> eval_acc1 75.07 eval_acc5 93.37 eval_nme1 70.90 eval_nme5 92.21 avg_acc1 81.78 avg_acc5 96.08 avg_nme1 79.99 avg_nme5 95.78
├> eval_acc1_per_task [73.90 69.10 76.40 72.20 77.30 78.20 78.40]
├> eval_acc5_per_task [92.80 89.20 93.10 91.70 95.80 94.90 96.10]
├> eval_nme1_per_task [69.10 60.80 71.20 66.00 73.00 72.30 83.90]
├> eval_nme5_per_task [91.00 86.80 91.30 91.70 94.90 94.60 95.20]
├> acc1_curve [92.60 84.90 83.63 80.75 78.58 76.93 75.07]
├> acc5_curve [99.90 98.30 96.97 95.30 94.86 93.87 93.37]
├> nme1_curve [92.20 85.20 83.00 78.80 76.50 73.35 70.90]
└> nme5_curve [99.80 98.00 96.90 95.55 94.76 93.25 92.21]
2026-03-18 21:41:54.132 | SUCCESS  | methods.tagfex.tagfex:train:241 - R0T[8/10]E[170/170] train
├> eval_acc1 73.09 eval_acc5 92.64 eval_nme1 67.86 eval_nme5 91.45 avg_acc1 80.69 avg_acc5 95.65 avg_nme1 78.48 avg_nme5 95.24
├> eval_acc1_per_task [73.90 68.70 76.00 71.40 72.30 70.60 82.50 69.30]
├> eval_acc5_per_task [92.00 88.90 92.50 90.80 94.50 91.40 95.70 95.30]
├> eval_nme1_per_task [66.20 60.10 70.40 62.20 67.00 61.30 73.50 82.20]
├> eval_nme5_per_task [90.10 85.30 90.60 89.40 93.30 92.90 94.00 96.00]
├> acc1_curve [92.60 84.90 83.63 80.75 78.58 76.93 75.07 73.09]
├> acc5_curve [99.90 98.30 96.97 95.30 94.86 93.87 93.37 92.64]
├> nme1_curve [92.20 85.20 83.00 78.80 76.50 73.35 70.90 67.86]
└> nme5_curve [99.80 98.00 96.90 95.55 94.76 93.25 92.21 91.45]
2026-03-18 22:07:44.376 | SUCCESS  | methods.tagfex.tagfex:train:241 - R0T[9/10]E[170/170] train
├> eval_acc1 70.79 eval_acc5 91.97 eval_nme1 64.96 eval_nme5 89.99 avg_acc1 79.59 avg_acc5 95.24 avg_nme1 76.97 avg_nme5 94.66
├> eval_acc1_per_task [70.90 66.00 73.50 67.40 68.70 65.60 77.70 80.40 66.90]
├> eval_acc5_per_task [89.50 86.10 91.50 90.80 93.70 91.90 94.60 95.40 94.20]
├> eval_nme1_per_task [62.50 54.70 66.10 58.50 63.70 58.50 67.50 76.30 76.80]
├> eval_nme5_per_task [87.80 82.00 88.60 88.60 91.50 90.00 91.90 94.80 94.70]
├> acc1_curve [92.60 84.90 83.63 80.75 78.58 76.93 75.07 73.09 70.79]
├> acc5_curve [99.90 98.30 96.97 95.30 94.86 93.87 93.37 92.64 91.97]
├> nme1_curve [92.20 85.20 83.00 78.80 76.50 73.35 70.90 67.86 64.96]
└> nme5_curve [99.80 98.00 96.90 95.55 94.76 93.25 92.21 91.45 89.99]
2026-03-18 22:34:56.608 | SUCCESS  | methods.tagfex.tagfex:train:241 - R0T[10/10]E[170/170] train
├> eval_acc1 69.72 eval_acc5 91.53 eval_nme1 64.06 eval_nme5 89.05 avg_acc1 78.61 avg_acc5 94.87 avg_nme1 75.68 avg_nme5 94.10
├> eval_acc1_per_task [68.80 63.40 71.80 66.90 66.70 63.40 73.50 75.50 80.90 66.30]
├> eval_acc5_per_task [89.30 86.50 91.60 89.20 92.80 90.50 93.40 94.30 95.00 92.70]
├> eval_nme1_per_task [60.50 53.70 64.50 57.20 61.70 54.70 65.10 71.30 75.50 76.40]
├> eval_nme5_per_task [86.50 81.40 87.30 86.70 89.80 88.20 91.20 93.70 93.30 92.40]
├> acc1_curve [92.60 84.90 83.63 80.75 78.58 76.93 75.07 73.09 70.79 69.72]
├> acc5_curve [99.90 98.30 96.97 95.30 94.86 93.87 93.37 92.64 91.97 91.53]
├> nme1_curve [92.20 85.20 83.00 78.80 76.50 73.35 70.90 67.86 64.96 64.06]
└> nme5_curve [99.80 98.00 96.90 95.55 94.76 93.25 92.21 91.45 89.99 89.05]
2026-03-18 22:34:56.609 | SUCCESS  | methods.tagfex.tagfex:train:254 - R0T[10/10]E[170/170] train
├> avg_acc1 78.61 avg_acc5 94.87 avg_nme1 75.68 avg_nme5 94.10
├> acc1_curve [92.60 84.90 83.63 80.75 78.58 76.93 75.07 73.09 70.79 69.72]
├> acc5_curve [99.90 98.30 96.97 95.30 94.86 93.87 93.37 92.64 91.97 91.53]
├> nme1_curve [92.20 85.20 83.00 78.80 76.50 73.35 70.90 67.86 64.96 64.06]
└> nme5_curve [99.80 98.00 96.90 95.55 94.76 93.25 92.21 91.45 89.99 89.05]
