2026-03-18 13:20:01.045 | SUCCESS  | methods.tagfex.tagfex:train:241 - R0T[1/10]E[200/200] train
├> eval_acc1 69.80 eval_acc5 92.70 eval_nme1 70.20 eval_nme5 93.50 acc1_curve 69.80 acc5_curve 92.70 nme1_curve 70.20 nme5_curve 93.50 avg_acc1 69.80 avg_acc5 92.70 avg_nme1 70.20 avg_nme5 93.50
├> eval_acc1_per_task [69.80]
├> eval_acc5_per_task [92.70]
├> eval_nme1_per_task [70.20]
└> eval_nme5_per_task [93.50]
2026-03-18 13:50:21.684 | SUCCESS  | methods.tagfex.tagfex:train:241 - R0T[2/10]E[170/170] train
├> eval_acc1 67.20 eval_acc5 89.95 eval_nme1 68.15 eval_nme5 90.30 avg_acc1 68.50 avg_acc5 91.32 avg_nme1 69.18 avg_nme5 91.90
├> eval_acc1_per_task [63.20 71.20]
├> eval_acc5_per_task [87.40 92.50]
├> eval_nme1_per_task [61.50 74.80]
├> eval_nme5_per_task [88.20 92.40]
├> acc1_curve [69.80 67.20]
├> acc5_curve [92.70 89.95]
├> nme1_curve [70.20 68.15]
└> nme5_curve [93.50 90.30]
2026-03-18 14:22:55.620 | SUCCESS  | methods.tagfex.tagfex:train:241 - R0T[3/10]E[170/170] train
├> eval_acc1 65.90 eval_acc5 87.50 eval_nme1 64.87 eval_nme5 86.83 avg_acc1 67.63 avg_acc5 90.05 avg_nme1 67.74 avg_nme5 90.21
├> eval_acc1_per_task [57.80 70.30 69.60]
├> eval_acc5_per_task [82.90 89.60 90.00]
├> eval_nme1_per_task [55.00 65.60 74.00]
├> eval_nme5_per_task [82.00 88.00 90.50]
├> acc1_curve [69.80 67.20 65.90]
├> acc5_curve [92.70 89.95 87.50]
├> nme1_curve [70.20 68.15 64.87]
└> nme5_curve [93.50 90.30 86.83]
2026-03-18 14:57:13.674 | SUCCESS  | methods.tagfex.tagfex:train:241 - R0T[4/10]E[170/170] train
├> eval_acc1 62.58 eval_acc5 84.55 eval_nme1 60.03 eval_nme5 83.67 avg_acc1 66.37 avg_acc5 88.67 avg_nme1 65.81 avg_nme5 88.58
├> eval_acc1_per_task [55.10 62.50 69.30 63.40]
├> eval_acc5_per_task [78.70 85.70 87.00 86.80]
├> eval_nme1_per_task [48.90 55.00 64.70 71.50]
├> eval_nme5_per_task [75.80 82.40 86.00 90.50]
├> acc1_curve [69.80 67.20 65.90 62.58]
├> acc5_curve [92.70 89.95 87.50 84.55]
├> nme1_curve [70.20 68.15 64.87 60.03]
└> nme5_curve [93.50 90.30 86.83 83.67]
2026-03-18 15:33:41.440 | SUCCESS  | methods.tagfex.tagfex:train:241 - R0T[5/10]E[170/170] train
├> eval_acc1 59.84 eval_acc5 82.80 eval_nme1 57.08 eval_nme5 80.20 avg_acc1 65.06 avg_acc5 87.50 avg_nme1 64.06 avg_nme5 86.90
├> eval_acc1_per_task [50.00 56.80 63.20 68.10 61.10]
├> eval_acc5_per_task [74.70 84.10 82.70 86.80 85.70]
├> eval_nme1_per_task [43.40 47.90 59.00 63.40 71.70]
├> eval_nme5_per_task [68.90 76.80 81.50 85.50 88.30]
├> acc1_curve [69.80 67.20 65.90 62.58 59.84]
├> acc5_curve [92.70 89.95 87.50 84.55 82.80]
├> nme1_curve [70.20 68.15 64.87 60.03 57.08]
└> nme5_curve [93.50 90.30 86.83 83.67 80.20]
2026-03-18 16:12:27.757 | SUCCESS  | methods.tagfex.tagfex:train:241 - R0T[6/10]E[170/170] train
├> eval_acc1 58.27 eval_acc5 81.67 eval_nme1 53.92 eval_nme5 77.82 avg_acc1 63.93 avg_acc5 86.53 avg_nme1 62.37 avg_nme5 85.39
├> eval_acc1_per_task [47.00 54.10 60.00 62.60 70.30 55.60]
├> eval_acc5_per_task [72.60 81.10 81.60 83.80 86.80 84.10]
├> eval_nme1_per_task [39.20 44.70 51.50 55.50 62.90 69.70]
├> eval_nme5_per_task [65.10 72.20 76.60 81.50 83.90 87.60]
├> acc1_curve [69.80 67.20 65.90 62.58 59.84 58.27]
├> acc5_curve [92.70 89.95 87.50 84.55 82.80 81.67]
├> nme1_curve [70.20 68.15 64.87 60.03 57.08 53.92]
└> nme5_curve [93.50 90.30 86.83 83.67 80.20 77.82]
2026-03-18 16:53:10.407 | SUCCESS  | methods.tagfex.tagfex:train:241 - R0T[7/10]E[170/170] train
├> eval_acc1 56.96 eval_acc5 80.64 eval_nme1 52.89 eval_nme5 76.90 avg_acc1 62.93 avg_acc5 85.69 avg_nme1 61.02 avg_nme5 84.18
├> eval_acc1_per_task [44.20 51.90 56.30 57.80 62.60 69.40 56.50]
├> eval_acc5_per_task [70.20 79.20 79.00 81.70 83.40 86.00 85.00]
├> eval_nme1_per_task [38.60 42.20 47.50 50.90 55.20 62.60 73.20]
├> eval_nme5_per_task [62.40 68.50 73.40 78.50 80.60 85.20 89.70]
├> acc1_curve [69.80 67.20 65.90 62.58 59.84 58.27 56.96]
├> acc5_curve [92.70 89.95 87.50 84.55 82.80 81.67 80.64]
├> nme1_curve [70.20 68.15 64.87 60.03 57.08 53.92 52.89]
└> nme5_curve [93.50 90.30 86.83 83.67 80.20 77.82 76.90]
2026-03-18 17:36:18.793 | SUCCESS  | methods.tagfex.tagfex:train:241 - R0T[8/10]E[170/170] train
├> eval_acc1 55.59 eval_acc5 79.45 eval_nme1 50.51 eval_nme5 75.28 avg_acc1 62.02 avg_acc5 84.91 avg_nme1 59.70 avg_nme5 83.06
├> eval_acc1_per_task [43.90 50.90 53.30 54.90 58.10 64.50 77.10 42.00]
├> eval_acc5_per_task [68.30 78.50 76.90 79.70 79.30 84.50 89.70 78.70]
├> eval_nme1_per_task [34.70 39.50 42.10 46.20 49.10 59.00 66.20 67.30]
├> eval_nme5_per_task [59.60 65.30 70.60 74.80 76.10 81.90 86.60 87.30]
├> acc1_curve [69.80 67.20 65.90 62.58 59.84 58.27 56.96 55.59]
├> acc5_curve [92.70 89.95 87.50 84.55 82.80 81.67 80.64 79.45]
├> nme1_curve [70.20 68.15 64.87 60.03 57.08 53.92 52.89 50.51]
└> nme5_curve [93.50 90.30 86.83 83.67 80.20 77.82 76.90 75.28]
2026-03-18 18:21:10.064 | SUCCESS  | methods.tagfex.tagfex:train:241 - R0T[9/10]E[170/170] train
├> eval_acc1 53.82 eval_acc5 78.07 eval_nme1 47.43 eval_nme5 72.83 avg_acc1 61.11 avg_acc5 84.15 avg_nme1 58.34 avg_nme5 81.93
├> eval_acc1_per_task [42.20 49.90 51.20 52.20 53.80 60.70 70.70 70.80 32.90]
├> eval_acc5_per_task [67.30 77.10 75.00 77.70 76.20 81.60 87.40 87.30 73.00]
├> eval_nme1_per_task [31.10 36.80 38.40 42.50 42.80 51.10 59.50 60.00 64.70]
├> eval_nme5_per_task [55.90 62.60 65.70 70.40 70.70 77.10 83.30 83.80 86.00]
├> acc1_curve [69.80 67.20 65.90 62.58 59.84 58.27 56.96 55.59 53.82]
├> acc5_curve [92.70 89.95 87.50 84.55 82.80 81.67 80.64 79.45 78.07]
├> nme1_curve [70.20 68.15 64.87 60.03 57.08 53.92 52.89 50.51 47.43]
└> nme5_curve [93.50 90.30 86.83 83.67 80.20 77.82 76.90 75.28 72.83]
2026-03-18 19:08:49.286 | SUCCESS  | methods.tagfex.tagfex:train:241 - R0T[10/10]E[170/170] train
├> eval_acc1 51.78 eval_acc5 76.64 eval_nme1 45.16 eval_nme5 71.15 avg_acc1 60.17 avg_acc5 83.40 avg_nme1 57.02 avg_nme5 80.85
├> eval_acc1_per_task [40.70 47.50 49.10 51.70 51.50 55.40 64.60 62.60 67.30 27.40]
├> eval_acc5_per_task [66.70 74.80 73.50 76.00 74.90 79.40 84.50 83.10 86.30 67.20]
├> eval_nme1_per_task [27.20 33.40 35.80 38.20 39.20 47.40 54.90 54.50 59.20 61.80]
├> eval_nme5_per_task [53.50 59.40 63.30 68.00 66.40 73.60 80.00 79.50 82.80 85.00]
├> acc1_curve [69.80 67.20 65.90 62.58 59.84 58.27 56.96 55.59 53.82 51.78]
├> acc5_curve [92.70 89.95 87.50 84.55 82.80 81.67 80.64 79.45 78.07 76.64]
├> nme1_curve [70.20 68.15 64.87 60.03 57.08 53.92 52.89 50.51 47.43 45.16]
└> nme5_curve [93.50 90.30 86.83 83.67 80.20 77.82 76.90 75.28 72.83 71.15]
2026-03-18 19:08:49.287 | SUCCESS  | methods.tagfex.tagfex:train:254 - R0T[10/10]E[170/170] train
├> avg_acc1 60.17 avg_acc5 83.40 avg_nme1 57.02 avg_nme5 80.85
├> acc1_curve [69.80 67.20 65.90 62.58 59.84 58.27 56.96 55.59 53.82 51.78]
├> acc5_curve [92.70 89.95 87.50 84.55 82.80 81.67 80.64 79.45 78.07 76.64]
├> nme1_curve [70.20 68.15 64.87 60.03 57.08 53.92 52.89 50.51 47.43 45.16]
└> nme5_curve [93.50 90.30 86.83 83.67 80.20 77.82 76.90 75.28 72.83 71.15]
