2026-03-11 07:52:37.124 | SUCCESS  | methods.tagfex.tagfex:train:255 - R0T[1/10]E[200/200] train
├> eval_acc1 92.60 eval_acc5 99.90 eval_nme1 92.20 eval_nme5 99.80 acc1_curve 92.60 acc5_curve 99.90 nme1_curve 92.20 nme5_curve 99.80 avg_acc1 92.60 avg_acc5 99.90 avg_nme1 92.20 avg_nme5 99.80
├> eval_acc1_per_task [92.60]
├> eval_acc5_per_task [99.90]
├> eval_nme1_per_task [92.20]
└> eval_nme5_per_task [99.80]
2026-03-11 08:08:57.541 | SUCCESS  | methods.tagfex.tagfex:train:255 - R0T[2/10]E[170/170] train
├> eval_acc1 85.30 eval_acc5 97.80 eval_nme1 84.85 eval_nme5 97.75 avg_acc1 88.95 avg_acc5 98.85 avg_nme1 88.52 avg_nme5 98.78
├> eval_acc1_per_task [88.90 81.70]
├> eval_acc5_per_task [98.80 96.80]
├> eval_nme1_per_task [87.20 82.50]
├> eval_nme5_per_task [98.40 97.10]
├> acc1_curve [92.60 85.30]
├> acc5_curve [99.90 97.80]
├> nme1_curve [92.20 84.85]
└> nme5_curve [99.80 97.75]
2026-03-11 08:26:35.963 | SUCCESS  | methods.tagfex.tagfex:train:255 - R0T[3/10]E[170/170] train
├> eval_acc1 83.83 eval_acc5 96.87 eval_nme1 82.67 eval_nme5 96.77 avg_acc1 87.24 avg_acc5 98.19 avg_nme1 86.57 avg_nme5 98.11
├> eval_acc1_per_task [85.20 78.90 87.40]
├> eval_acc5_per_task [97.60 94.70 98.30]
├> eval_nme1_per_task [84.70 74.90 88.40]
├> eval_nme5_per_task [97.20 95.70 97.40]
├> acc1_curve [92.60 85.30 83.83]
├> acc5_curve [99.90 97.80 96.87]
├> nme1_curve [92.20 84.85 82.67]
└> nme5_curve [99.80 97.75 96.77]
2026-03-11 08:45:28.885 | SUCCESS  | methods.tagfex.tagfex:train:255 - R0T[4/10]E[170/170] train
├> eval_acc1 80.83 eval_acc5 95.30 eval_nme1 78.57 eval_nme5 95.47 avg_acc1 85.64 avg_acc5 97.47 avg_nme1 84.57 avg_nme5 97.45
├> eval_acc1_per_task [82.20 76.70 84.20 80.20]
├> eval_acc5_per_task [96.20 93.30 95.50 96.20]
├> eval_nme1_per_task [78.60 71.30 81.60 82.80]
├> eval_nme5_per_task [95.80 93.40 96.10 96.60]
├> acc1_curve [92.60 85.30 83.83 80.83]
├> acc5_curve [99.90 97.80 96.87 95.30]
├> nme1_curve [92.20 84.85 82.67 78.57]
└> nme5_curve [99.80 97.75 96.77 95.47]
2026-03-11 09:05:43.790 | SUCCESS  | methods.tagfex.tagfex:train:255 - R0T[5/10]E[170/170] train
├> eval_acc1 79.18 eval_acc5 94.44 eval_nme1 75.76 eval_nme5 94.32 avg_acc1 84.35 avg_acc5 96.86 avg_nme1 82.81 avg_nme5 96.82
├> eval_acc1_per_task [79.20 71.90 80.50 81.00 83.30]
├> eval_acc5_per_task [94.90 91.40 94.70 93.70 97.50]
├> eval_nme1_per_task [75.30 64.30 78.10 75.10 86.00]
├> eval_nme5_per_task [93.90 90.90 94.00 95.40 97.40]
├> acc1_curve [92.60 85.30 83.83 80.83 79.18]
├> acc5_curve [99.90 97.80 96.87 95.30 94.44]
├> nme1_curve [92.20 84.85 82.67 78.57 75.76]
└> nme5_curve [99.80 97.75 96.77 95.47 94.32]
2026-03-11 09:27:17.758 | SUCCESS  | methods.tagfex.tagfex:train:255 - R0T[6/10]E[170/170] train
├> eval_acc1 77.23 eval_acc5 93.87 eval_nme1 72.75 eval_nme5 92.60 avg_acc1 83.16 avg_acc5 96.36 avg_nme1 81.13 avg_nme5 96.12
├> eval_acc1_per_task [76.20 69.60 79.10 76.70 85.20 76.60]
├> eval_acc5_per_task [93.60 90.60 93.70 92.90 96.20 96.20]
├> eval_nme1_per_task [69.60 61.50 74.50 70.60 78.20 82.10]
├> eval_nme5_per_task [91.60 86.80 91.40 93.70 96.10 96.00]
├> acc1_curve [92.60 85.30 83.83 80.83 79.18 77.23]
├> acc5_curve [99.90 97.80 96.87 95.30 94.44 93.87]
├> nme1_curve [92.20 84.85 82.67 78.57 75.76 72.75]
└> nme5_curve [99.80 97.75 96.77 95.47 94.32 92.60]
2026-03-11 09:50:10.616 | SUCCESS  | methods.tagfex.tagfex:train:255 - R0T[7/10]E[170/170] train
├> eval_acc1 75.57 eval_acc5 93.16 eval_nme1 70.93 eval_nme5 91.77 avg_acc1 82.08 avg_acc5 95.90 avg_nme1 79.68 avg_nme5 95.50
├> eval_acc1_per_task [73.70 67.40 77.50 74.10 79.00 79.40 77.90]
├> eval_acc5_per_task [92.50 88.80 93.10 91.60 95.00 94.60 96.50]
├> eval_nme1_per_task [67.20 59.40 72.80 68.10 74.00 71.60 83.40]
├> eval_nme5_per_task [89.90 85.10 90.30 91.40 95.10 94.60 96.00]
├> acc1_curve [92.60 85.30 83.83 80.83 79.18 77.23 75.57]
├> acc5_curve [99.90 97.80 96.87 95.30 94.44 93.87 93.16]
├> nme1_curve [92.20 84.85 82.67 78.57 75.76 72.75 70.93]
└> nme5_curve [99.80 97.75 96.77 95.47 94.32 92.60 91.77]
2026-03-11 10:14:20.870 | SUCCESS  | methods.tagfex.tagfex:train:255 - R0T[8/10]E[170/170] train
├> eval_acc1 73.16 eval_acc5 92.47 eval_nme1 67.38 eval_nme5 90.80 avg_acc1 80.96 avg_acc5 95.48 avg_nme1 78.14 avg_nme5 94.91
├> eval_acc1_per_task [71.80 67.10 77.10 73.20 74.80 71.20 83.70 66.40]
├> eval_acc5_per_task [91.90 87.90 92.60 91.00 93.50 91.10 95.90 95.90]
├> eval_nme1_per_task [64.80 57.00 71.30 62.10 68.20 61.20 72.70 81.70]
├> eval_nme5_per_task [88.30 82.90 89.30 89.60 92.50 93.50 93.60 96.70]
├> acc1_curve [92.60 85.30 83.83 80.83 79.18 77.23 75.57 73.16]
├> acc5_curve [99.90 97.80 96.87 95.30 94.44 93.87 93.16 92.47]
├> nme1_curve [92.20 84.85 82.67 78.57 75.76 72.75 70.93 67.38]
└> nme5_curve [99.80 97.75 96.77 95.47 94.32 92.60 91.77 90.80]
2026-03-11 10:40:03.502 | SUCCESS  | methods.tagfex.tagfex:train:255 - R0T[9/10]E[170/170] train
├> eval_acc1 71.00 eval_acc5 91.67 eval_nme1 64.88 eval_nme5 89.37 avg_acc1 79.86 avg_acc5 95.05 avg_nme1 76.66 avg_nme5 94.29
├> eval_acc1_per_task [71.20 64.30 75.70 70.30 69.70 64.90 77.30 79.60 66.00]
├> eval_acc5_per_task [90.40 84.60 91.60 90.40 92.90 91.20 94.60 95.70 93.60]
├> eval_nme1_per_task [59.90 53.70 67.20 59.60 64.50 58.30 66.30 76.80 77.60]
├> eval_nme5_per_task [85.90 80.00 87.50 87.80 90.80 90.10 91.10 96.10 95.00]
├> acc1_curve [92.60 85.30 83.83 80.83 79.18 77.23 75.57 73.16 71.00]
├> acc5_curve [99.90 97.80 96.87 95.30 94.44 93.87 93.16 92.47 91.67]
├> nme1_curve [92.20 84.85 82.67 78.57 75.76 72.75 70.93 67.38 64.88]
└> nme5_curve [99.80 97.75 96.77 95.47 94.32 92.60 91.77 90.80 89.37]
2026-03-11 11:07:09.377 | SUCCESS  | methods.tagfex.tagfex:train:255 - R0T[10/10]E[170/170] train
├> eval_acc1 69.70 eval_acc5 91.26 eval_nme1 63.74 eval_nme5 88.48 avg_acc1 78.84 avg_acc5 94.67 avg_nme1 75.37 avg_nme5 93.71
├> eval_acc1_per_task [67.90 62.60 72.20 69.20 67.40 62.70 73.90 73.70 83.10 64.30]
├> eval_acc5_per_task [89.60 85.40 91.60 90.00 92.30 89.30 93.00 94.70 94.90 91.80]
├> eval_nme1_per_task [58.20 52.60 65.10 58.70 62.50 54.90 63.60 71.50 74.60 75.70]
├> eval_nme5_per_task [85.50 78.30 86.20 86.50 88.30 89.40 89.60 94.60 93.10 93.30]
├> acc1_curve [92.60 85.30 83.83 80.83 79.18 77.23 75.57 73.16 71.00 69.70]
├> acc5_curve [99.90 97.80 96.87 95.30 94.44 93.87 93.16 92.47 91.67 91.26]
├> nme1_curve [92.20 84.85 82.67 78.57 75.76 72.75 70.93 67.38 64.88 63.74]
└> nme5_curve [99.80 97.75 96.77 95.47 94.32 92.60 91.77 90.80 89.37 88.48]
2026-03-11 11:07:09.378 | SUCCESS  | methods.tagfex.tagfex:train:268 - R0T[10/10]E[170/170] train
├> avg_acc1 78.84 avg_acc5 94.67 avg_nme1 75.37 avg_nme5 93.71
├> acc1_curve [92.60 85.30 83.83 80.83 79.18 77.23 75.57 73.16 71.00 69.70]
├> acc5_curve [99.90 97.80 96.87 95.30 94.44 93.87 93.16 92.47 91.67 91.26]
├> nme1_curve [92.20 84.85 82.67 78.57 75.76 72.75 70.93 67.38 64.88 63.74]
└> nme5_curve [99.80 97.75 96.77 95.47 94.32 92.60 91.77 90.80 89.37 88.48]
