2026-03-11 11:50:25.323 | SUCCESS  | methods.tagfex.tagfex:train:255 - R0T[1/10]E[200/200] train
├> eval_acc1 69.80 eval_acc5 92.70 eval_nme1 70.20 eval_nme5 93.50 acc1_curve 69.80 acc5_curve 92.70 nme1_curve 70.20 nme5_curve 93.50 avg_acc1 69.80 avg_acc5 92.70 avg_nme1 70.20 avg_nme5 93.50
├> eval_acc1_per_task [69.80]
├> eval_acc5_per_task [92.70]
├> eval_nme1_per_task [70.20]
└> eval_nme5_per_task [93.50]
2026-03-11 12:55:33.155 | SUCCESS  | methods.tagfex.tagfex:train:255 - R0T[2/10]E[170/170] train
├> eval_acc1 67.25 eval_acc5 89.65 eval_nme1 68.45 eval_nme5 91.00 avg_acc1 68.53 avg_acc5 91.17 avg_nme1 69.32 avg_nme5 92.25
├> eval_acc1_per_task [64.40 70.10]
├> eval_acc5_per_task [87.10 92.20]
├> eval_nme1_per_task [62.20 74.70]
├> eval_nme5_per_task [88.50 93.50]
├> acc1_curve [69.80 67.25]
├> acc5_curve [92.70 89.65]
├> nme1_curve [70.20 68.45]
└> nme5_curve [93.50 91.00]
2026-03-11 14:03:46.662 | SUCCESS  | methods.tagfex.tagfex:train:255 - R0T[3/10]E[170/170] train
├> eval_acc1 65.67 eval_acc5 86.63 eval_nme1 64.13 eval_nme5 86.87 avg_acc1 67.57 avg_acc5 89.66 avg_nme1 67.59 avg_nme5 90.46
├> eval_acc1_per_task [57.80 70.30 68.90]
├> eval_acc5_per_task [82.50 88.20 89.20]
├> eval_nme1_per_task [54.90 64.60 72.90]
├> eval_nme5_per_task [82.10 87.90 90.60]
├> acc1_curve [69.80 67.25 65.67]
├> acc5_curve [92.70 89.65 86.63]
├> nme1_curve [70.20 68.45 64.13]
└> nme5_curve [93.50 91.00 86.87]
2026-03-11 15:15:24.722 | SUCCESS  | methods.tagfex.tagfex:train:255 - R0T[4/10]E[170/170] train
├> eval_acc1 62.20 eval_acc5 84.55 eval_nme1 59.55 eval_nme5 83.28 avg_acc1 66.23 avg_acc5 88.38 avg_nme1 65.58 avg_nme5 88.66
├> eval_acc1_per_task [53.90 63.10 70.20 61.60]
├> eval_acc5_per_task [77.80 85.30 87.00 88.10]
├> eval_nme1_per_task [48.70 55.40 63.50 70.60]
├> eval_nme5_per_task [75.60 82.60 85.20 89.70]
├> acc1_curve [69.80 67.25 65.67 62.20]
├> acc5_curve [92.70 89.65 86.63 84.55]
├> nme1_curve [70.20 68.45 64.13 59.55]
└> nme5_curve [93.50 91.00 86.87 83.28]
2026-03-11 16:31:10.768 | SUCCESS  | methods.tagfex.tagfex:train:255 - R0T[5/10]E[170/170] train
├> eval_acc1 60.46 eval_acc5 82.28 eval_nme1 56.46 eval_nme5 80.32 avg_acc1 65.08 avg_acc5 87.16 avg_nme1 63.76 avg_nme5 86.99
├> eval_acc1_per_task [50.70 58.70 63.20 68.50 61.20]
├> eval_acc5_per_task [74.50 83.00 82.80 86.10 85.00]
├> eval_nme1_per_task [43.50 48.60 58.40 61.60 70.20]
├> eval_nme5_per_task [69.60 77.80 80.30 85.50 88.40]
├> acc1_curve [69.80 67.25 65.67 62.20 60.46]
├> acc5_curve [92.70 89.65 86.63 84.55 82.28]
├> nme1_curve [70.20 68.45 64.13 59.55 56.46]
└> nme5_curve [93.50 91.00 86.87 83.28 80.32]
2026-03-11 17:52:15.523 | SUCCESS  | methods.tagfex.tagfex:train:255 - R0T[6/10]E[170/170] train
├> eval_acc1 58.17 eval_acc5 81.37 eval_nme1 53.25 eval_nme5 78.17 avg_acc1 63.92 avg_acc5 86.20 avg_nme1 62.01 avg_nme5 85.52
├> eval_acc1_per_task [47.10 56.20 58.20 63.50 69.80 54.20]
├> eval_acc5_per_task [72.10 80.80 80.70 84.00 85.90 84.70]
├> eval_nme1_per_task [38.90 45.30 50.70 54.20 60.80 69.60]
├> eval_nme5_per_task [66.00 72.20 76.80 80.90 84.40 88.70]
├> acc1_curve [69.80 67.25 65.67 62.20 60.46 58.17]
├> acc5_curve [92.70 89.65 86.63 84.55 82.28 81.37]
├> nme1_curve [70.20 68.45 64.13 59.55 56.46 53.25]
└> nme5_curve [93.50 91.00 86.87 83.28 80.32 78.17]
2026-03-11 19:17:26.832 | SUCCESS  | methods.tagfex.tagfex:train:255 - R0T[7/10]E[170/170] train
├> eval_acc1 57.26 eval_acc5 80.63 eval_nme1 52.20 eval_nme5 76.73 avg_acc1 62.97 avg_acc5 85.40 avg_nme1 60.61 avg_nme5 84.27
├> eval_acc1_per_task [44.20 54.50 55.90 57.10 63.00 71.30 54.80]
├> eval_acc5_per_task [70.70 78.50 78.40 81.00 82.20 87.40 86.20]
├> eval_nme1_per_task [36.90 42.40 46.20 49.30 53.20 64.00 73.40]
├> eval_nme5_per_task [63.40 68.40 73.10 77.60 78.90 85.50 90.20]
├> acc1_curve [69.80 67.25 65.67 62.20 60.46 58.17 57.26]
├> acc5_curve [92.70 89.65 86.63 84.55 82.28 81.37 80.63]
├> nme1_curve [70.20 68.45 64.13 59.55 56.46 53.25 52.20]
└> nme5_curve [93.50 91.00 86.87 83.28 80.32 78.17 76.73]
2026-03-11 20:39:39.104 | SUCCESS  | methods.tagfex.tagfex:train:255 - R0T[8/10]E[170/170] train
├> eval_acc1 55.79 eval_acc5 79.75 eval_nme1 49.97 eval_nme5 74.93 avg_acc1 62.07 avg_acc5 84.69 avg_nme1 59.28 avg_nme5 83.10
├> eval_acc1_per_task [43.30 54.10 53.70 55.10 58.40 64.00 76.80 40.90]
├> eval_acc5_per_task [70.20 77.80 77.50 80.00 79.50 84.40 90.20 78.40]
├> eval_nme1_per_task [34.70 38.00 41.30 45.60 48.80 59.80 65.60 66.00]
├> eval_nme5_per_task [60.40 64.40 70.10 72.90 74.60 82.70 87.50 86.80]
├> acc1_curve [69.80 67.25 65.67 62.20 60.46 58.17 57.26 55.79]
├> acc5_curve [92.70 89.65 86.63 84.55 82.28 81.37 80.63 79.75]
├> nme1_curve [70.20 68.45 64.13 59.55 56.46 53.25 52.20 49.97]
└> nme5_curve [93.50 91.00 86.87 83.28 80.32 78.17 76.73 74.93]
2026-03-11 22:06:49.861 | SUCCESS  | methods.tagfex.tagfex:train:255 - R0T[9/10]E[170/170] train
├> eval_acc1 54.00 eval_acc5 78.22 eval_nme1 46.52 eval_nme5 72.70 avg_acc1 61.18 avg_acc5 83.98 avg_nme1 57.86 avg_nme5 81.94
├> eval_acc1_per_task [41.60 53.30 50.80 52.20 55.30 60.30 69.40 70.30 32.80]
├> eval_acc5_per_task [68.40 75.40 76.30 77.20 77.30 80.70 87.50 88.90 72.30]
├> eval_nme1_per_task [32.90 35.50 36.00 41.50 42.10 51.10 58.30 57.00 64.30]
├> eval_nme5_per_task [56.90 61.20 66.70 69.50 70.30 78.10 82.10 83.30 86.20]
├> acc1_curve [69.80 67.25 65.67 62.20 60.46 58.17 57.26 55.79 54.00]
├> acc5_curve [92.70 89.65 86.63 84.55 82.28 81.37 80.63 79.75 78.22]
├> nme1_curve [70.20 68.45 64.13 59.55 56.46 53.25 52.20 49.97 46.52]
└> nme5_curve [93.50 91.00 86.87 83.28 80.32 78.17 76.73 74.93 72.70]
2026-03-11 23:41:34.505 | SUCCESS  | methods.tagfex.tagfex:train:255 - R0T[10/10]E[170/170] train
├> eval_acc1 51.95 eval_acc5 76.87 eval_nme1 44.17 eval_nme5 70.58 avg_acc1 60.25 avg_acc5 83.27 avg_nme1 56.49 avg_nme5 80.81
├> eval_acc1_per_task [40.40 49.50 49.00 50.50 51.90 55.40 64.40 63.00 67.10 28.30]
├> eval_acc5_per_task [67.40 73.70 74.20 75.80 75.20 78.50 84.80 85.00 85.70 68.40]
├> eval_nme1_per_task [26.50 32.80 34.90 38.20 36.40 47.20 53.10 52.40 58.40 61.80]
├> eval_nme5_per_task [53.20 56.90 63.30 65.30 65.90 73.40 79.80 80.00 82.70 85.30]
├> acc1_curve [69.80 67.25 65.67 62.20 60.46 58.17 57.26 55.79 54.00 51.95]
├> acc5_curve [92.70 89.65 86.63 84.55 82.28 81.37 80.63 79.75 78.22 76.87]
├> nme1_curve [70.20 68.45 64.13 59.55 56.46 53.25 52.20 49.97 46.52 44.17]
└> nme5_curve [93.50 91.00 86.87 83.28 80.32 78.17 76.73 74.93 72.70 70.58]
2026-03-11 23:41:34.506 | SUCCESS  | methods.tagfex.tagfex:train:268 - R0T[10/10]E[170/170] train
├> avg_acc1 60.25 avg_acc5 83.27 avg_nme1 56.49 avg_nme5 80.81
├> acc1_curve [69.80 67.25 65.67 62.20 60.46 58.17 57.26 55.79 54.00 51.95]
├> acc5_curve [92.70 89.65 86.63 84.55 82.28 81.37 80.63 79.75 78.22 76.87]
├> nme1_curve [70.20 68.45 64.13 59.55 56.46 53.25 52.20 49.97 46.52 44.17]
└> nme5_curve [93.50 91.00 86.87 83.28 80.32 78.17 76.73 74.93 72.70 70.58]
