2026-03-10 15:03:27.015 | SUCCESS  | methods.tagfex.tagfex:train:255 - R0T[1/10]E[200/200] train
├> eval_acc1 69.80 eval_acc5 92.70 eval_nme1 70.20 eval_nme5 93.50 acc1_curve 69.80 acc5_curve 92.70 nme1_curve 70.20 nme5_curve 93.50 avg_acc1 69.80 avg_acc5 92.70 avg_nme1 70.20 avg_nme5 93.50
├> eval_acc1_per_task [69.80]
├> eval_acc5_per_task [92.70]
├> eval_nme1_per_task [70.20]
└> eval_nme5_per_task [93.50]
2026-03-10 15:33:36.579 | SUCCESS  | methods.tagfex.tagfex:train:255 - R0T[2/10]E[170/170] train
├> eval_acc1 67.80 eval_acc5 89.85 eval_nme1 68.45 eval_nme5 90.65 avg_acc1 68.80 avg_acc5 91.28 avg_nme1 69.32 avg_nme5 92.08
├> eval_acc1_per_task [63.90 71.70]
├> eval_acc5_per_task [87.70 92.00]
├> eval_nme1_per_task [61.50 75.40]
├> eval_nme5_per_task [88.90 92.40]
├> acc1_curve [69.80 67.80]
├> acc5_curve [92.70 89.85]
├> nme1_curve [70.20 68.45]
└> nme5_curve [93.50 90.65]
2026-03-10 16:05:55.323 | SUCCESS  | methods.tagfex.tagfex:train:255 - R0T[3/10]E[170/170] train
├> eval_acc1 66.63 eval_acc5 86.87 eval_nme1 65.60 eval_nme5 87.20 avg_acc1 68.08 avg_acc5 89.81 avg_nme1 68.08 avg_nme5 90.45
├> eval_acc1_per_task [58.30 71.10 70.50]
├> eval_acc5_per_task [82.10 88.80 89.70]
├> eval_nme1_per_task [55.00 66.70 75.10]
├> eval_nme5_per_task [82.90 87.90 90.80]
├> acc1_curve [69.80 67.80 66.63]
├> acc5_curve [92.70 89.85 86.87]
├> nme1_curve [70.20 68.45 65.60]
└> nme5_curve [93.50 90.65 87.20]
2026-03-10 16:40:05.985 | SUCCESS  | methods.tagfex.tagfex:train:255 - R0T[4/10]E[170/170] train
├> eval_acc1 62.83 eval_acc5 85.00 eval_nme1 60.62 eval_nme5 84.03 avg_acc1 66.76 avg_acc5 88.60 avg_nme1 66.22 avg_nme5 88.84
├> eval_acc1_per_task [54.10 64.50 70.20 62.50]
├> eval_acc5_per_task [77.80 86.10 87.30 88.80]
├> eval_nme1_per_task [49.50 56.60 65.40 71.00]
├> eval_nme5_per_task [76.40 82.50 86.80 90.40]
├> acc1_curve [69.80 67.80 66.63 62.83]
├> acc5_curve [92.70 89.85 86.87 85.00]
├> nme1_curve [70.20 68.45 65.60 60.62]
└> nme5_curve [93.50 90.65 87.20 84.03]
2026-03-10 17:16:25.430 | SUCCESS  | methods.tagfex.tagfex:train:255 - R0T[5/10]E[170/170] train
├> eval_acc1 60.32 eval_acc5 83.20 eval_nme1 57.12 eval_nme5 81.12 avg_acc1 65.48 avg_acc5 87.52 avg_nme1 64.40 avg_nme5 87.30
├> eval_acc1_per_task [50.30 57.70 63.50 68.80 61.30]
├> eval_acc5_per_task [75.70 82.70 84.20 87.10 86.30]
├> eval_nme1_per_task [43.90 51.30 59.50 61.40 69.50]
├> eval_nme5_per_task [71.30 78.90 81.80 84.80 88.80]
├> acc1_curve [69.80 67.80 66.63 62.83 60.32]
├> acc5_curve [92.70 89.85 86.87 85.00 83.20]
├> nme1_curve [70.20 68.45 65.60 60.62 57.12]
└> nme5_curve [93.50 90.65 87.20 84.03 81.12]
2026-03-10 17:58:42.579 | SUCCESS  | methods.tagfex.tagfex:train:255 - R0T[6/10]E[170/170] train
├> eval_acc1 58.42 eval_acc5 81.47 eval_nme1 53.80 eval_nme5 78.17 avg_acc1 64.30 avg_acc5 86.51 avg_nme1 62.63 avg_nme5 85.78
├> eval_acc1_per_task [45.70 56.40 59.90 63.00 71.80 53.70]
├> eval_acc5_per_task [72.90 81.10 81.80 83.60 86.40 83.00]
├> eval_nme1_per_task [37.90 47.10 51.20 54.80 62.70 69.10]
├> eval_nme5_per_task [65.70 74.10 77.20 80.60 84.20 87.20]
├> acc1_curve [69.80 67.80 66.63 62.83 60.32 58.42]
├> acc5_curve [92.70 89.85 86.87 85.00 83.20 81.47]
├> nme1_curve [70.20 68.45 65.60 60.62 57.12 53.80]
└> nme5_curve [93.50 90.65 87.20 84.03 81.12 78.17]
2026-03-10 19:24:55.376 | SUCCESS  | methods.tagfex.tagfex:train:255 - R0T[7/10]E[170/170] train
├> eval_acc1 57.96 eval_acc5 81.19 eval_nme1 53.31 eval_nme5 76.41 avg_acc1 63.39 avg_acc5 85.75 avg_nme1 61.30 avg_nme5 84.44
├> eval_acc1_per_task [45.10 55.00 56.40 57.70 63.80 70.50 57.20]
├> eval_acc5_per_task [71.80 80.40 79.80 81.60 84.00 86.20 84.50]
├> eval_nme1_per_task [37.10 44.90 46.60 51.90 55.50 64.10 73.10]
├> eval_nme5_per_task [63.10 69.30 73.30 76.00 79.70 83.70 89.80]
├> acc1_curve [69.80 67.80 66.63 62.83 60.32 58.42 57.96]
├> acc5_curve [92.70 89.85 86.87 85.00 83.20 81.47 81.19]
├> nme1_curve [70.20 68.45 65.60 60.62 57.12 53.80 53.31]
└> nme5_curve [93.50 90.65 87.20 84.03 81.12 78.17 76.41]
2026-03-10 20:55:37.288 | SUCCESS  | methods.tagfex.tagfex:train:255 - R0T[8/10]E[170/170] train
├> eval_acc1 55.99 eval_acc5 79.72 eval_nme1 50.24 eval_nme5 75.07 avg_acc1 62.47 avg_acc5 85.00 avg_nme1 59.92 avg_nme5 83.27
├> eval_acc1_per_task [44.60 54.00 55.10 55.50 58.90 64.00 75.40 40.40]
├> eval_acc5_per_task [70.30 78.10 79.00 79.30 80.10 83.50 89.50 78.00]
├> eval_nme1_per_task [34.30 40.60 43.30 45.10 48.80 58.70 65.00 66.10]
├> eval_nme5_per_task [60.30 66.40 70.80 72.90 75.10 80.90 86.30 87.90]
├> acc1_curve [69.80 67.80 66.63 62.83 60.32 58.42 57.96 55.99]
├> acc5_curve [92.70 89.85 86.87 85.00 83.20 81.47 81.19 79.72]
├> nme1_curve [70.20 68.45 65.60 60.62 57.12 53.80 53.31 50.24]
└> nme5_curve [93.50 90.65 87.20 84.03 81.12 78.17 76.41 75.07]
2026-03-10 22:30:31.971 | SUCCESS  | methods.tagfex.tagfex:train:255 - R0T[9/10]E[170/170] train
├> eval_acc1 54.47 eval_acc5 78.06 eval_nme1 47.01 eval_nme5 72.53 avg_acc1 61.58 avg_acc5 84.23 avg_nme1 58.48 avg_nme5 82.08
├> eval_acc1_per_task [43.40 51.60 53.40 52.80 54.70 60.20 70.50 71.20 32.40]
├> eval_acc5_per_task [68.70 76.30 76.50 77.20 78.10 80.50 87.10 88.20 69.90]
├> eval_nme1_per_task [30.60 37.40 38.40 43.20 43.50 49.50 58.60 58.90 63.00]
├> eval_nme5_per_task [56.80 63.80 65.50 69.30 71.40 76.00 83.00 83.90 83.10]
├> acc1_curve [69.80 67.80 66.63 62.83 60.32 58.42 57.96 55.99 54.47]
├> acc5_curve [92.70 89.85 86.87 85.00 83.20 81.47 81.19 79.72 78.06]
├> nme1_curve [70.20 68.45 65.60 60.62 57.12 53.80 53.31 50.24 47.01]
└> nme5_curve [93.50 90.65 87.20 84.03 81.12 78.17 76.41 75.07 72.53]
2026-03-11 00:11:36.323 | SUCCESS  | methods.tagfex.tagfex:train:255 - R0T[10/10]E[170/170] train
├> eval_acc1 52.57 eval_acc5 76.59 eval_nme1 45.00 eval_nme5 70.67 avg_acc1 60.68 avg_acc5 83.46 avg_nme1 57.14 avg_nme5 80.94
├> eval_acc1_per_task [42.90 49.70 49.50 52.00 52.40 55.90 64.70 62.20 67.00 29.40]
├> eval_acc5_per_task [67.10 74.20 75.30 75.80 76.00 78.40 84.10 84.80 83.00 67.20]
├> eval_nme1_per_task [25.30 34.10 36.10 40.30 38.90 46.70 53.90 52.80 59.20 62.70]
├> eval_nme5_per_task [54.30 60.00 62.50 65.50 67.40 73.50 79.00 80.10 80.80 83.60]
├> acc1_curve [69.80 67.80 66.63 62.83 60.32 58.42 57.96 55.99 54.47 52.57]
├> acc5_curve [92.70 89.85 86.87 85.00 83.20 81.47 81.19 79.72 78.06 76.59]
├> nme1_curve [70.20 68.45 65.60 60.62 57.12 53.80 53.31 50.24 47.01 45.00]
└> nme5_curve [93.50 90.65 87.20 84.03 81.12 78.17 76.41 75.07 72.53 70.67]
2026-03-11 00:11:36.341 | SUCCESS  | methods.tagfex.tagfex:train:268 - R0T[10/10]E[170/170] train
├> avg_acc1 60.68 avg_acc5 83.46 avg_nme1 57.14 avg_nme5 80.94
├> acc1_curve [69.80 67.80 66.63 62.83 60.32 58.42 57.96 55.99 54.47 52.57]
├> acc5_curve [92.70 89.85 86.87 85.00 83.20 81.47 81.19 79.72 78.06 76.59]
├> nme1_curve [70.20 68.45 65.60 60.62 57.12 53.80 53.31 50.24 47.01 45.00]
└> nme5_curve [93.50 90.65 87.20 84.03 81.12 78.17 76.41 75.07 72.53 70.67]
