2025-12-03 18:25:49.104 | SUCCESS  | methods.tagfex.tagfex:train:232 - R0T[1/10]E[200/200] train
├> eval_acc1 93.40 eval_acc5 99.80 eval_nme1 93.20 eval_nme5 99.90 acc1_curve 93.40 acc5_curve 99.80 nme1_curve 93.20 nme5_curve 99.90 avg_acc1 93.40 avg_acc5 99.80 avg_nme1 93.20 avg_nme5 99.90
├> eval_acc1_per_task [93.40]
├> eval_acc5_per_task [99.80]
├> eval_nme1_per_task [93.20]
└> eval_nme5_per_task [99.90]
2025-12-03 20:27:05.789 | SUCCESS  | methods.tagfex.tagfex:train:232 - R0T[2/10]E[170/170] train
├> eval_acc1 85.10 eval_acc5 98.15 eval_nme1 84.45 eval_nme5 98.15 avg_acc1 89.25 avg_acc5 98.98 avg_nme1 88.82 avg_nme5 99.03
├> eval_acc1_per_task [89.60 80.60]
├> eval_acc5_per_task [98.60 97.70]
├> eval_nme1_per_task [87.40 81.50]
├> eval_nme5_per_task [98.90 97.40]
├> acc1_curve [93.40 85.10]
├> acc5_curve [99.80 98.15]
├> nme1_curve [93.20 84.45]
└> nme5_curve [99.90 98.15]
2025-12-03 22:39:33.784 | SUCCESS  | methods.tagfex.tagfex:train:232 - R0T[3/10]E[170/170] train
├> eval_acc1 83.40 eval_acc5 97.23 eval_nme1 82.47 eval_nme5 96.63 avg_acc1 87.30 avg_acc5 98.39 avg_nme1 86.71 avg_nme5 98.23
├> eval_acc1_per_task [84.80 78.80 86.60]
├> eval_acc5_per_task [97.60 95.90 98.20]
├> eval_nme1_per_task [84.10 75.60 87.70]
├> eval_nme5_per_task [96.70 95.30 97.90]
├> acc1_curve [93.40 85.10 83.40]
├> acc5_curve [99.80 98.15 97.23]
├> nme1_curve [93.20 84.45 82.47]
└> nme5_curve [99.90 98.15 96.63]
2025-12-04 01:04:58.174 | SUCCESS  | methods.tagfex.tagfex:train:232 - R0T[4/10]E[170/170] train
├> eval_acc1 80.95 eval_acc5 95.82 eval_nme1 78.83 eval_nme5 95.42 avg_acc1 85.71 avg_acc5 97.75 avg_nme1 84.74 avg_nme5 97.53
├> eval_acc1_per_task [82.20 75.50 85.40 80.70]
├> eval_acc5_per_task [96.40 94.40 97.00 95.50]
├> eval_nme1_per_task [79.00 71.70 81.00 83.60]
├> eval_nme5_per_task [95.40 93.70 96.40 96.20]
├> acc1_curve [93.40 85.10 83.40 80.95]
├> acc5_curve [99.80 98.15 97.23 95.82]
├> nme1_curve [93.20 84.45 82.47 78.83]
└> nme5_curve [99.90 98.15 96.63 95.42]
2025-12-04 03:39:03.634 | SUCCESS  | methods.tagfex.tagfex:train:232 - R0T[5/10]E[170/170] train
├> eval_acc1 78.76 eval_acc5 94.68 eval_nme1 76.50 eval_nme5 94.52 avg_acc1 84.32 avg_acc5 97.14 avg_nme1 83.09 avg_nme5 96.93
├> eval_acc1_per_task [77.90 71.20 81.00 80.70 83.00]
├> eval_acc5_per_task [94.10 92.50 95.70 93.40 97.70]
├> eval_nme1_per_task [75.50 67.00 76.50 76.70 86.80]
├> eval_nme5_per_task [93.10 92.10 94.70 95.00 97.70]
├> acc1_curve [93.40 85.10 83.40 80.95 78.76]
├> acc5_curve [99.80 98.15 97.23 95.82 94.68]
├> nme1_curve [93.20 84.45 82.47 78.83 76.50]
└> nme5_curve [99.90 98.15 96.63 95.42 94.52]
2025-12-04 06:16:45.811 | SUCCESS  | methods.tagfex.tagfex:train:232 - R0T[6/10]E[170/170] train
├> eval_acc1 77.63 eval_acc5 93.93 eval_nme1 73.70 eval_nme5 93.20 avg_acc1 83.21 avg_acc5 96.60 avg_nme1 81.52 avg_nme5 96.30
├> eval_acc1_per_task [75.80 69.40 78.50 78.00 85.10 79.00]
├> eval_acc5_per_task [93.10 90.50 94.80 92.70 96.50 96.00]
├> eval_nme1_per_task [70.90 63.60 73.50 72.00 79.50 82.70]
├> eval_nme5_per_task [90.50 89.50 94.10 93.90 95.00 96.20]
├> acc1_curve [93.40 85.10 83.40 80.95 78.76 77.63]
├> acc5_curve [99.80 98.15 97.23 95.82 94.68 93.93]
├> nme1_curve [93.20 84.45 82.47 78.83 76.50 73.70]
└> nme5_curve [99.90 98.15 96.63 95.42 94.52 93.20]
2025-12-04 09:04:55.785 | SUCCESS  | methods.tagfex.tagfex:train:232 - R0T[7/10]E[170/170] train
├> eval_acc1 75.70 eval_acc5 93.34 eval_nme1 71.11 eval_nme5 91.86 avg_acc1 82.13 avg_acc5 96.14 avg_nme1 80.04 avg_nme5 95.67
├> eval_acc1_per_task [73.80 66.90 77.40 74.10 79.50 80.80 77.40]
├> eval_acc5_per_task [92.30 89.20 94.10 92.20 94.80 94.70 96.10]
├> eval_nme1_per_task [69.40 59.50 71.10 67.50 75.90 72.10 82.30]
├> eval_nme5_per_task [89.20 87.00 91.20 91.70 93.70 94.70 95.50]
├> acc1_curve [93.40 85.10 83.40 80.95 78.76 77.63 75.70]
├> acc5_curve [99.80 98.15 97.23 95.82 94.68 93.93 93.34]
├> nme1_curve [93.20 84.45 82.47 78.83 76.50 73.70 71.11]
└> nme5_curve [99.90 98.15 96.63 95.42 94.52 93.20 91.86]
2025-12-04 12:04:34.211 | SUCCESS  | methods.tagfex.tagfex:train:232 - R0T[8/10]E[170/170] train
├> eval_acc1 73.51 eval_acc5 92.75 eval_nme1 68.11 eval_nme5 91.53 avg_acc1 81.06 avg_acc5 95.71 avg_nme1 78.55 avg_nme5 95.15
├> eval_acc1_per_task [72.00 66.30 76.90 71.50 76.40 72.30 83.20 69.50]
├> eval_acc5_per_task [90.70 88.80 93.70 90.80 94.50 92.70 94.90 95.90]
├> eval_nme1_per_task [66.90 59.10 69.60 63.20 69.90 62.20 72.60 81.40]
├> eval_nme5_per_task [88.40 85.60 91.00 90.50 92.80 93.90 93.20 96.80]
├> acc1_curve [93.40 85.10 83.40 80.95 78.76 77.63 75.70 73.51]
├> acc5_curve [99.80 98.15 97.23 95.82 94.68 93.93 93.34 92.75]
├> nme1_curve [93.20 84.45 82.47 78.83 76.50 73.70 71.11 68.11]
└> nme5_curve [99.90 98.15 96.63 95.42 94.52 93.20 91.86 91.53]
2025-12-04 15:16:55.901 | SUCCESS  | methods.tagfex.tagfex:train:232 - R0T[9/10]E[170/170] train
├> eval_acc1 71.14 eval_acc5 91.89 eval_nme1 64.98 eval_nme5 90.12 avg_acc1 79.96 avg_acc5 95.29 avg_nme1 77.04 avg_nme5 94.59
├> eval_acc1_per_task [70.60 65.60 74.30 68.60 70.00 65.70 77.70 79.60 68.20]
├> eval_acc5_per_task [89.30 86.40 92.60 90.10 93.30 91.20 93.70 94.50 95.90]
├> eval_nme1_per_task [62.30 54.30 65.60 60.10 65.50 58.70 66.30 74.90 77.10]
├> eval_nme5_per_task [86.00 82.70 88.40 89.70 90.70 91.00 91.70 95.70 95.20]
├> acc1_curve [93.40 85.10 83.40 80.95 78.76 77.63 75.70 73.51 71.14]
├> acc5_curve [99.80 98.15 97.23 95.82 94.68 93.93 93.34 92.75 91.89]
├> nme1_curve [93.20 84.45 82.47 78.83 76.50 73.70 71.11 68.11 64.98]
└> nme5_curve [99.90 98.15 96.63 95.42 94.52 93.20 91.86 91.53 90.12]
2025-12-04 19:04:09.461 | SUCCESS  | methods.tagfex.tagfex:train:232 - R0T[10/10]E[170/170] train
├> eval_acc1 70.11 eval_acc5 91.56 eval_nme1 64.08 eval_nme5 88.91 avg_acc1 78.97 avg_acc5 94.92 avg_nme1 75.74 avg_nme5 94.02
├> eval_acc1_per_task [67.80 62.50 72.00 68.10 68.50 63.90 74.00 75.00 84.00 65.30]
├> eval_acc5_per_task [89.40 86.60 92.00 89.20 92.00 90.90 92.90 93.90 95.90 92.80]
├> eval_nme1_per_task [60.40 53.80 64.00 58.40 64.40 54.60 64.10 70.20 74.80 76.10]
├> eval_nme5_per_task [85.00 82.30 87.30 87.50 88.20 89.40 90.10 93.30 93.00 93.00]
├> acc1_curve [93.40 85.10 83.40 80.95 78.76 77.63 75.70 73.51 71.14 70.11]
├> acc5_curve [99.80 98.15 97.23 95.82 94.68 93.93 93.34 92.75 91.89 91.56]
├> nme1_curve [93.20 84.45 82.47 78.83 76.50 73.70 71.11 68.11 64.98 64.08]
└> nme5_curve [99.90 98.15 96.63 95.42 94.52 93.20 91.86 91.53 90.12 88.91]
2025-12-04 19:04:09.487 | SUCCESS  | methods.tagfex.tagfex:train:245 - R0T[10/10]E[170/170] train
├> avg_acc1 78.97 avg_acc5 94.92 avg_nme1 75.74 avg_nme5 94.02
├> acc1_curve [93.40 85.10 83.40 80.95 78.76 77.63 75.70 73.51 71.14 70.11]
├> acc5_curve [99.80 98.15 97.23 95.82 94.68 93.93 93.34 92.75 91.89 91.56]
├> nme1_curve [93.20 84.45 82.47 78.83 76.50 73.70 71.11 68.11 64.98 64.08]
└> nme5_curve [99.90 98.15 96.63 95.42 94.52 93.20 91.86 91.53 90.12 88.91]
