2025-11-22 01:39:49.692 | SUCCESS  | methods.tagfex.tagfex:train:232 - R0T[1/10]E[200/200] train
├> eval_acc1 93.40 eval_acc5 99.80 eval_nme1 93.20 eval_nme5 99.90 acc1_curve 93.40 acc5_curve 99.80 nme1_curve 93.20 nme5_curve 99.90 avg_acc1 93.40 avg_acc5 99.80 avg_nme1 93.20 avg_nme5 99.90
├> eval_acc1_per_task [93.40]
├> eval_acc5_per_task [99.80]
├> eval_nme1_per_task [93.20]
└> eval_nme5_per_task [99.90]
2025-11-22 03:51:19.651 | SUCCESS  | methods.tagfex.tagfex:train:232 - R0T[2/10]E[170/170] train
├> eval_acc1 85.65 eval_acc5 97.85 eval_nme1 85.40 eval_nme5 97.65 avg_acc1 89.53 avg_acc5 98.83 avg_nme1 89.30 avg_nme5 98.78
├> eval_acc1_per_task [89.40 81.90]
├> eval_acc5_per_task [98.80 96.90]
├> eval_nme1_per_task [88.10 82.70]
├> eval_nme5_per_task [98.80 96.50]
├> acc1_curve [93.40 85.65]
├> acc5_curve [99.80 97.85]
├> nme1_curve [93.20 85.40]
└> nme5_curve [99.90 97.65]
2025-11-22 06:11:48.208 | SUCCESS  | methods.tagfex.tagfex:train:232 - R0T[3/10]E[170/170] train
├> eval_acc1 84.33 eval_acc5 97.03 eval_nme1 82.73 eval_nme5 96.60 avg_acc1 87.79 avg_acc5 98.23 avg_nme1 87.11 avg_nme5 98.05
├> eval_acc1_per_task [84.90 79.10 89.00]
├> eval_acc5_per_task [98.10 94.80 98.20]
├> eval_nme1_per_task [84.00 76.80 87.40]
├> eval_nme5_per_task [97.40 95.00 97.40]
├> acc1_curve [93.40 85.65 84.33]
├> acc5_curve [99.80 97.85 97.03]
├> nme1_curve [93.20 85.40 82.73]
└> nme5_curve [99.90 97.65 96.60]
2025-11-22 08:40:15.664 | SUCCESS  | methods.tagfex.tagfex:train:232 - R0T[4/10]E[170/170] train
├> eval_acc1 80.75 eval_acc5 95.62 eval_nme1 78.70 eval_nme5 95.42 avg_acc1 86.03 avg_acc5 97.58 avg_nme1 85.01 avg_nme5 97.39
├> eval_acc1_per_task [82.50 75.90 85.20 79.40]
├> eval_acc5_per_task [97.00 93.60 96.50 95.40]
├> eval_nme1_per_task [78.80 72.60 80.70 82.70]
├> eval_nme5_per_task [96.10 93.40 95.80 96.40]
├> acc1_curve [93.40 85.65 84.33 80.75]
├> acc5_curve [99.80 97.85 97.03 95.62]
├> nme1_curve [93.20 85.40 82.73 78.70]
└> nme5_curve [99.90 97.65 96.60 95.42]
2025-11-22 11:16:43.940 | SUCCESS  | methods.tagfex.tagfex:train:232 - R0T[5/10]E[170/170] train
├> eval_acc1 78.78 eval_acc5 94.82 eval_nme1 76.04 eval_nme5 94.62 avg_acc1 84.58 avg_acc5 97.03 avg_nme1 83.21 avg_nme5 96.84
├> eval_acc1_per_task [78.30 71.20 80.90 79.80 83.70]
├> eval_acc5_per_task [95.20 92.40 94.90 93.80 97.80]
├> eval_nme1_per_task [75.70 68.20 76.10 75.00 85.20]
├> eval_nme5_per_task [93.90 92.20 94.50 94.90 97.60]
├> acc1_curve [93.40 85.65 84.33 80.75 78.78]
├> acc5_curve [99.80 97.85 97.03 95.62 94.82]
├> nme1_curve [93.20 85.40 82.73 78.70 76.04]
└> nme5_curve [99.90 97.65 96.60 95.42 94.62]
2025-11-22 14:02:32.770 | SUCCESS  | methods.tagfex.tagfex:train:232 - R0T[6/10]E[170/170] train
├> eval_acc1 76.73 eval_acc5 93.98 eval_nme1 73.13 eval_nme5 93.17 avg_acc1 83.27 avg_acc5 96.52 avg_nme1 81.53 avg_nme5 96.23
├> eval_acc1_per_task [76.60 68.80 77.70 75.80 84.70 76.80]
├> eval_acc5_per_task [94.00 90.50 93.70 93.40 96.20 96.10]
├> eval_nme1_per_task [70.70 64.80 73.20 69.70 78.10 82.30]
├> eval_nme5_per_task [92.10 89.00 92.60 92.90 95.90 96.50]
├> acc1_curve [93.40 85.65 84.33 80.75 78.78 76.73]
├> acc5_curve [99.80 97.85 97.03 95.62 94.82 93.98]
├> nme1_curve [93.20 85.40 82.73 78.70 76.04 73.13]
└> nme5_curve [99.90 97.65 96.60 95.42 94.62 93.17]
2025-11-22 17:01:07.066 | SUCCESS  | methods.tagfex.tagfex:train:232 - R0T[7/10]E[170/170] train
├> eval_acc1 75.69 eval_acc5 93.53 eval_nme1 70.71 eval_nme5 92.50 avg_acc1 82.19 avg_acc5 96.09 avg_nme1 79.99 avg_nme5 95.69
├> eval_acc1_per_task [74.00 68.00 75.80 74.00 79.70 79.40 78.90]
├> eval_acc5_per_task [93.70 89.60 93.30 91.90 95.10 94.90 96.20]
├> eval_nme1_per_task [68.60 61.30 70.70 66.50 73.80 71.70 82.40]
├> eval_nme5_per_task [91.10 88.40 91.20 91.40 94.30 95.60 95.50]
├> acc1_curve [93.40 85.65 84.33 80.75 78.78 76.73 75.69]
├> acc5_curve [99.80 97.85 97.03 95.62 94.82 93.98 93.53]
├> nme1_curve [93.20 85.40 82.73 78.70 76.04 73.13 70.71]
└> nme5_curve [99.90 97.65 96.60 95.42 94.62 93.17 92.50]
2025-11-22 20:10:35.654 | SUCCESS  | methods.tagfex.tagfex:train:232 - R0T[8/10]E[170/170] train
├> eval_acc1 73.58 eval_acc5 92.90 eval_nme1 67.14 eval_nme5 91.61 avg_acc1 81.11 avg_acc5 95.69 avg_nme1 78.38 avg_nme5 95.18
├> eval_acc1_per_task [73.90 67.80 75.60 71.40 75.30 70.00 83.30 71.30]
├> eval_acc5_per_task [92.40 88.90 93.20 90.80 94.00 92.00 95.30 96.60]
├> eval_nme1_per_task [65.60 59.10 69.40 61.00 66.80 60.10 73.90 81.20]
├> eval_nme5_per_task [89.90 85.90 89.80 89.90 93.10 93.70 93.80 96.80]
├> acc1_curve [93.40 85.65 84.33 80.75 78.78 76.73 75.69 73.58]
├> acc5_curve [99.80 97.85 97.03 95.62 94.82 93.98 93.53 92.90]
├> nme1_curve [93.20 85.40 82.73 78.70 76.04 73.13 70.71 67.14]
└> nme5_curve [99.90 97.65 96.60 95.42 94.62 93.17 92.50 91.61]
2025-11-22 22:42:47.118 | SUCCESS  | methods.tagfex.tagfex:train:232 - R0T[9/10]E[170/170] train
├> eval_acc1 70.80 eval_acc5 91.86 eval_nme1 65.17 eval_nme5 89.96 avg_acc1 79.97 avg_acc5 95.27 avg_nme1 76.91 avg_nme5 94.60
├> eval_acc1_per_task [70.50 65.80 73.50 68.40 68.40 63.20 78.80 80.00 68.60]
├> eval_acc5_per_task [90.20 87.50 91.80 90.20 92.40 90.20 93.70 96.50 94.20]
├> eval_nme1_per_task [61.90 54.90 66.60 59.60 65.00 58.00 68.40 75.40 76.70]
├> eval_nme5_per_task [87.20 83.10 88.00 87.60 91.10 89.90 92.30 96.10 94.30]
├> acc1_curve [93.40 85.65 84.33 80.75 78.78 76.73 75.69 73.58 70.80]
├> acc5_curve [99.80 97.85 97.03 95.62 94.82 93.98 93.53 92.90 91.86]
├> nme1_curve [93.20 85.40 82.73 78.70 76.04 73.13 70.71 67.14 65.17]
└> nme5_curve [99.90 97.65 96.60 95.42 94.62 93.17 92.50 91.61 89.96]
2025-11-23 01:30:27.708 | SUCCESS  | methods.tagfex.tagfex:train:232 - R0T[10/10]E[170/170] train
├> eval_acc1 70.18 eval_acc5 91.49 eval_nme1 63.81 eval_nme5 88.99 avg_acc1 78.99 avg_acc5 94.89 avg_nme1 75.60 avg_nme5 94.04
├> eval_acc1_per_task [68.90 62.90 70.50 67.50 67.60 63.00 73.50 75.50 83.10 69.30]
├> eval_acc5_per_task [91.00 86.60 91.20 89.00 92.10 89.60 93.00 95.20 94.10 93.10]
├> eval_nme1_per_task [60.30 54.10 64.40 58.10 63.10 54.10 65.90 70.10 73.10 74.90]
├> eval_nme5_per_task [85.60 81.70 86.30 86.50 90.60 88.30 90.50 94.50 93.10 92.80]
├> acc1_curve [93.40 85.65 84.33 80.75 78.78 76.73 75.69 73.58 70.80 70.18]
├> acc5_curve [99.80 97.85 97.03 95.62 94.82 93.98 93.53 92.90 91.86 91.49]
├> nme1_curve [93.20 85.40 82.73 78.70 76.04 73.13 70.71 67.14 65.17 63.81]
└> nme5_curve [99.90 97.65 96.60 95.42 94.62 93.17 92.50 91.61 89.96 88.99]
2025-11-23 01:30:27.710 | SUCCESS  | methods.tagfex.tagfex:train:245 - R0T[10/10]E[170/170] train
├> avg_acc1 78.99 avg_acc5 94.89 avg_nme1 75.60 avg_nme5 94.04
├> acc1_curve [93.40 85.65 84.33 80.75 78.78 76.73 75.69 73.58 70.80 70.18]
├> acc5_curve [99.80 97.85 97.03 95.62 94.82 93.98 93.53 92.90 91.86 91.49]
├> nme1_curve [93.20 85.40 82.73 78.70 76.04 73.13 70.71 67.14 65.17 63.81]
└> nme5_curve [99.90 97.65 96.60 95.42 94.62 93.17 92.50 91.61 89.96 88.99]
