2025-12-08 16:34:01.806 | SUCCESS  | methods.tagfex.tagfex:train:232 - R0T[1/10]E[200/200] train
├> eval_acc1 93.40 eval_acc5 99.80 eval_nme1 93.20 eval_nme5 99.90 acc1_curve 93.40 acc5_curve 99.80 nme1_curve 93.20 nme5_curve 99.90 avg_acc1 93.40 avg_acc5 99.80 avg_nme1 93.20 avg_nme5 99.90
├> eval_acc1_per_task [93.40]
├> eval_acc5_per_task [99.80]
├> eval_nme1_per_task [93.20]
└> eval_nme5_per_task [99.90]
2025-12-08 17:34:20.378 | SUCCESS  | methods.tagfex.tagfex:train:232 - R0T[2/10]E[170/170] train
├> eval_acc1 85.10 eval_acc5 97.40 eval_nme1 84.25 eval_nme5 97.50 avg_acc1 89.25 avg_acc5 98.60 avg_nme1 88.72 avg_nme5 98.70
├> eval_acc1_per_task [88.90 81.30]
├> eval_acc5_per_task [98.50 96.30]
├> eval_nme1_per_task [86.90 81.60]
├> eval_nme5_per_task [98.70 96.30]
├> acc1_curve [93.40 85.10]
├> acc5_curve [99.80 97.40]
├> nme1_curve [93.20 84.25]
└> nme5_curve [99.90 97.50]
2025-12-08 18:40:16.699 | SUCCESS  | methods.tagfex.tagfex:train:232 - R0T[3/10]E[170/170] train
├> eval_acc1 83.50 eval_acc5 97.00 eval_nme1 82.03 eval_nme5 96.63 avg_acc1 87.33 avg_acc5 98.07 avg_nme1 86.49 avg_nme5 98.01
├> eval_acc1_per_task [84.30 79.10 87.10]
├> eval_acc5_per_task [97.60 94.80 98.60]
├> eval_nme1_per_task [83.10 76.20 86.80]
├> eval_nme5_per_task [96.70 95.40 97.80]
├> acc1_curve [93.40 85.10 83.50]
├> acc5_curve [99.80 97.40 97.00]
├> nme1_curve [93.20 84.25 82.03]
└> nme5_curve [99.90 97.50 96.63]
2025-12-08 19:51:30.122 | SUCCESS  | methods.tagfex.tagfex:train:232 - R0T[4/10]E[170/170] train
├> eval_acc1 81.67 eval_acc5 95.82 eval_nme1 78.85 eval_nme5 95.53 avg_acc1 85.92 avg_acc5 97.51 avg_nme1 84.58 avg_nme5 97.39
├> eval_acc1_per_task [82.80 76.50 85.20 82.20]
├> eval_acc5_per_task [96.40 94.50 96.10 96.30]
├> eval_nme1_per_task [78.80 71.90 80.50 84.20]
├> eval_nme5_per_task [95.70 93.20 96.20 97.00]
├> acc1_curve [93.40 85.10 83.50 81.67]
├> acc5_curve [99.80 97.40 97.00 95.82]
├> nme1_curve [93.20 84.25 82.03 78.85]
└> nme5_curve [99.90 97.50 96.63 95.53]
2025-12-08 21:08:35.150 | SUCCESS  | methods.tagfex.tagfex:train:232 - R0T[5/10]E[170/170] train
├> eval_acc1 78.70 eval_acc5 94.84 eval_nme1 75.94 eval_nme5 94.66 avg_acc1 84.48 avg_acc5 96.97 avg_nme1 82.85 avg_nme5 96.84
├> eval_acc1_per_task [78.50 72.00 81.40 80.40 81.20]
├> eval_acc5_per_task [95.00 91.60 95.70 95.10 96.80]
├> eval_nme1_per_task [74.60 66.50 76.30 76.10 86.20]
├> eval_nme5_per_task [93.80 91.60 94.80 96.00 97.10]
├> acc1_curve [93.40 85.10 83.50 81.67 78.70]
├> acc5_curve [99.80 97.40 97.00 95.82 94.84]
├> nme1_curve [93.20 84.25 82.03 78.85 75.94]
└> nme5_curve [99.90 97.50 96.63 95.53 94.66]
2025-12-08 22:31:10.126 | SUCCESS  | methods.tagfex.tagfex:train:232 - R0T[6/10]E[170/170] train
├> eval_acc1 77.70 eval_acc5 94.05 eval_nme1 73.35 eval_nme5 92.98 avg_acc1 83.35 avg_acc5 96.49 avg_nme1 81.27 avg_nme5 96.20
├> eval_acc1_per_task [76.80 71.60 78.70 76.80 83.50 78.80]
├> eval_acc5_per_task [93.50 90.40 95.00 93.80 95.60 96.00]
├> eval_nme1_per_task [70.50 63.10 72.20 72.70 77.90 83.70]
├> eval_nme5_per_task [91.00 88.20 92.40 94.10 95.60 96.60]
├> acc1_curve [93.40 85.10 83.50 81.67 78.70 77.70]
├> acc5_curve [99.80 97.40 97.00 95.82 94.84 94.05]
├> nme1_curve [93.20 84.25 82.03 78.85 75.94 73.35]
└> nme5_curve [99.90 97.50 96.63 95.53 94.66 92.98]
2025-12-08 23:59:33.892 | SUCCESS  | methods.tagfex.tagfex:train:232 - R0T[7/10]E[170/170] train
├> eval_acc1 76.06 eval_acc5 93.54 eval_nme1 71.10 eval_nme5 92.04 avg_acc1 82.30 avg_acc5 96.07 avg_nme1 79.82 avg_nme5 95.61
├> eval_acc1_per_task [73.80 68.30 76.50 74.30 78.70 81.20 79.60]
├> eval_acc5_per_task [93.10 88.90 94.10 92.80 93.90 95.60 96.40]
├> eval_nme1_per_task [68.80 59.20 70.50 68.40 73.90 73.20 83.70]
├> eval_nme5_per_task [89.20 86.20 91.30 92.80 93.70 95.30 95.80]
├> acc1_curve [93.40 85.10 83.50 81.67 78.70 77.70 76.06]
├> acc5_curve [99.80 97.40 97.00 95.82 94.84 94.05 93.54]
├> nme1_curve [93.20 84.25 82.03 78.85 75.94 73.35 71.10]
└> nme5_curve [99.90 97.50 96.63 95.53 94.66 92.98 92.04]
2025-12-09 01:33:50.802 | SUCCESS  | methods.tagfex.tagfex:train:232 - R0T[8/10]E[170/170] train
├> eval_acc1 73.45 eval_acc5 92.56 eval_nme1 67.85 eval_nme5 91.12 avg_acc1 81.20 avg_acc5 95.63 avg_nme1 78.32 avg_nme5 95.05
├> eval_acc1_per_task [73.00 65.90 75.60 71.80 75.10 72.60 84.30 69.30]
├> eval_acc5_per_task [91.50 88.10 93.30 91.50 92.40 92.40 95.40 95.90]
├> eval_nme1_per_task [66.80 57.60 68.80 64.00 67.60 62.60 74.40 81.00]
├> eval_nme5_per_task [88.00 84.40 89.70 90.70 92.00 94.00 93.70 96.50]
├> acc1_curve [93.40 85.10 83.50 81.67 78.70 77.70 76.06 73.45]
├> acc5_curve [99.80 97.40 97.00 95.82 94.84 94.05 93.54 92.56]
├> nme1_curve [93.20 84.25 82.03 78.85 75.94 73.35 71.10 67.85]
└> nme5_curve [99.90 97.50 96.63 95.53 94.66 92.98 92.04 91.12]
2025-12-09 03:14:50.883 | SUCCESS  | methods.tagfex.tagfex:train:232 - R0T[9/10]E[170/170] train
├> eval_acc1 71.92 eval_acc5 91.83 eval_nme1 65.64 eval_nme5 89.54 avg_acc1 80.17 avg_acc5 95.21 avg_nme1 76.91 avg_nme5 94.43
├> eval_acc1_per_task [71.30 65.50 74.30 69.10 70.20 67.40 79.10 80.30 70.10]
├> eval_acc5_per_task [89.70 86.60 92.20 91.10 90.70 91.80 93.90 95.30 95.20]
├> eval_nme1_per_task [62.60 54.10 65.00 61.90 64.20 60.00 68.00 77.10 77.90]
├> eval_nme5_per_task [85.40 81.40 87.90 89.10 89.70 91.30 91.20 95.70 94.20]
├> acc1_curve [93.40 85.10 83.50 81.67 78.70 77.70 76.06 73.45 71.92]
├> acc5_curve [99.80 97.40 97.00 95.82 94.84 94.05 93.54 92.56 91.83]
├> nme1_curve [93.20 84.25 82.03 78.85 75.94 73.35 71.10 67.85 65.64]
└> nme5_curve [99.90 97.50 96.63 95.53 94.66 92.98 92.04 91.12 89.54]
2025-12-09 04:56:50.201 | SUCCESS  | methods.tagfex.tagfex:train:232 - R0T[10/10]E[170/170] train
├> eval_acc1 70.85 eval_acc5 91.48 eval_nme1 64.47 eval_nme5 88.62 avg_acc1 79.24 avg_acc5 94.83 avg_nme1 75.67 avg_nme5 93.85
├> eval_acc1_per_task [70.20 63.00 72.50 67.60 67.90 64.10 76.20 76.40 83.30 67.30]
├> eval_acc5_per_task [89.50 86.50 91.60 89.40 91.00 90.60 93.30 94.40 95.60 92.90]
├> eval_nme1_per_task [60.60 53.10 64.00 59.10 62.80 56.30 65.80 71.50 75.30 76.20]
├> eval_nme5_per_task [84.10 79.60 86.20 87.60 87.60 90.30 90.10 94.70 93.00 93.00]
├> acc1_curve [93.40 85.10 83.50 81.67 78.70 77.70 76.06 73.45 71.92 70.85]
├> acc5_curve [99.80 97.40 97.00 95.82 94.84 94.05 93.54 92.56 91.83 91.48]
├> nme1_curve [93.20 84.25 82.03 78.85 75.94 73.35 71.10 67.85 65.64 64.47]
└> nme5_curve [99.90 97.50 96.63 95.53 94.66 92.98 92.04 91.12 89.54 88.62]
2025-12-09 04:56:50.202 | SUCCESS  | methods.tagfex.tagfex:train:245 - R0T[10/10]E[170/170] train
├> avg_acc1 79.24 avg_acc5 94.83 avg_nme1 75.67 avg_nme5 93.85
├> acc1_curve [93.40 85.10 83.50 81.67 78.70 77.70 76.06 73.45 71.92 70.85]
├> acc5_curve [99.80 97.40 97.00 95.82 94.84 94.05 93.54 92.56 91.83 91.48]
├> nme1_curve [93.20 84.25 82.03 78.85 75.94 73.35 71.10 67.85 65.64 64.47]
└> nme5_curve [99.90 97.50 96.63 95.53 94.66 92.98 92.04 91.12 89.54 88.62]
