2026-03-12 02:04:21.247 | SUCCESS  | methods.tagfex.tagfex:train:255 - R0T[1/10]E[200/200] train
├> eval_acc1 69.80 eval_acc5 92.70 eval_nme1 70.20 eval_nme5 93.50 acc1_curve 69.80 acc5_curve 92.70 nme1_curve 70.20 nme5_curve 93.50 avg_acc1 69.80 avg_acc5 92.70 avg_nme1 70.20 avg_nme5 93.50
├> eval_acc1_per_task [69.80]
├> eval_acc5_per_task [92.70]
├> eval_nme1_per_task [70.20]
└> eval_nme5_per_task [93.50]
2026-03-12 03:10:48.802 | SUCCESS  | methods.tagfex.tagfex:train:255 - R0T[2/10]E[170/170] train
├> eval_acc1 68.00 eval_acc5 89.70 eval_nme1 67.40 eval_nme5 90.10 avg_acc1 68.90 avg_acc5 91.20 avg_nme1 68.80 avg_nme5 91.80
├> eval_acc1_per_task [64.50 71.50]
├> eval_acc5_per_task [88.40 91.00]
├> eval_nme1_per_task [60.70 74.10]
├> eval_nme5_per_task [88.40 91.80]
├> acc1_curve [69.80 68.00]
├> acc5_curve [92.70 89.70]
├> nme1_curve [70.20 67.40]
└> nme5_curve [93.50 90.10]
2026-03-12 04:23:53.779 | SUCCESS  | methods.tagfex.tagfex:train:255 - R0T[3/10]E[170/170] train
├> eval_acc1 65.97 eval_acc5 87.10 eval_nme1 65.33 eval_nme5 86.97 avg_acc1 67.92 avg_acc5 89.83 avg_nme1 67.64 avg_nme5 90.19
├> eval_acc1_per_task [57.00 70.80 70.10]
├> eval_acc5_per_task [83.10 87.40 90.80]
├> eval_nme1_per_task [55.80 65.40 74.80]
├> eval_nme5_per_task [82.40 87.50 91.00]
├> acc1_curve [69.80 68.00 65.97]
├> acc5_curve [92.70 89.70 87.10]
├> nme1_curve [70.20 67.40 65.33]
└> nme5_curve [93.50 90.10 86.97]
2026-03-12 05:43:41.968 | SUCCESS  | methods.tagfex.tagfex:train:255 - R0T[4/10]E[170/170] train
├> eval_acc1 62.85 eval_acc5 84.45 eval_nme1 61.25 eval_nme5 83.88 avg_acc1 66.65 avg_acc5 88.49 avg_nme1 66.05 avg_nme5 88.61
├> eval_acc1_per_task [54.30 64.20 70.70 62.20]
├> eval_acc5_per_task [78.10 84.90 86.90 87.90]
├> eval_nme1_per_task [50.00 58.20 64.80 72.00]
├> eval_nme5_per_task [76.00 82.60 86.00 90.90]
├> acc1_curve [69.80 68.00 65.97 62.85]
├> acc5_curve [92.70 89.70 87.10 84.45]
├> nme1_curve [70.20 67.40 65.33 61.25]
└> nme5_curve [93.50 90.10 86.97 83.88]
2026-03-12 07:10:08.869 | SUCCESS  | methods.tagfex.tagfex:train:255 - R0T[5/10]E[170/170] train
├> eval_acc1 60.42 eval_acc5 82.96 eval_nme1 57.46 eval_nme5 80.66 avg_acc1 65.41 avg_acc5 87.38 avg_nme1 64.33 avg_nme5 87.02
├> eval_acc1_per_task [50.50 57.80 64.20 69.00 60.60]
├> eval_acc5_per_task [75.10 83.50 83.40 87.10 85.70]
├> eval_nme1_per_task [44.30 50.20 59.50 63.10 70.20]
├> eval_nme5_per_task [69.90 77.90 81.10 85.70 88.70]
├> acc1_curve [69.80 68.00 65.97 62.85 60.42]
├> acc5_curve [92.70 89.70 87.10 84.45 82.96]
├> nme1_curve [70.20 67.40 65.33 61.25 57.46]
└> nme5_curve [93.50 90.10 86.97 83.88 80.66]
2026-03-12 08:42:40.163 | SUCCESS  | methods.tagfex.tagfex:train:255 - R0T[6/10]E[170/170] train
├> eval_acc1 58.35 eval_acc5 81.40 eval_nme1 53.95 eval_nme5 78.08 avg_acc1 64.23 avg_acc5 86.39 avg_nme1 62.60 avg_nme5 85.53
├> eval_acc1_per_task [46.00 54.80 59.60 62.60 70.20 56.90]
├> eval_acc5_per_task [72.60 80.90 80.30 83.90 86.00 84.70]
├> eval_nme1_per_task [39.60 46.00 51.20 55.90 59.90 71.10]
├> eval_nme5_per_task [66.00 73.00 76.90 81.60 82.90 88.10]
├> acc1_curve [69.80 68.00 65.97 62.85 60.42 58.35]
├> acc5_curve [92.70 89.70 87.10 84.45 82.96 81.40]
├> nme1_curve [70.20 67.40 65.33 61.25 57.46 53.95]
└> nme5_curve [93.50 90.10 86.97 83.88 80.66 78.08]
2026-03-12 10:07:47.319 | SUCCESS  | methods.tagfex.tagfex:train:255 - R0T[7/10]E[170/170] train
├> eval_acc1 58.14 eval_acc5 80.81 eval_nme1 53.14 eval_nme5 76.71 avg_acc1 63.36 avg_acc5 85.59 avg_nme1 61.25 avg_nme5 84.27
├> eval_acc1_per_task [44.40 54.20 56.90 57.70 62.20 74.20 57.40]
├> eval_acc5_per_task [71.20 79.20 78.50 80.80 82.80 87.20 86.00]
├> eval_nme1_per_task [37.90 42.70 47.80 50.40 53.00 66.50 73.70]
├> eval_nme5_per_task [63.10 68.10 73.60 78.00 79.30 84.40 90.50]
├> acc1_curve [69.80 68.00 65.97 62.85 60.42 58.35 58.14]
├> acc5_curve [92.70 89.70 87.10 84.45 82.96 81.40 80.81]
├> nme1_curve [70.20 67.40 65.33 61.25 57.46 53.95 53.14]
└> nme5_curve [93.50 90.10 86.97 83.88 80.66 78.08 76.71]
2026-03-12 11:36:37.111 | SUCCESS  | methods.tagfex.tagfex:train:255 - R0T[8/10]E[170/170] train
├> eval_acc1 56.10 eval_acc5 79.72 eval_nme1 50.84 eval_nme5 75.45 avg_acc1 62.45 avg_acc5 84.86 avg_nme1 59.95 avg_nme5 83.17
├> eval_acc1_per_task [44.00 52.80 55.60 56.00 58.30 66.40 75.00 40.70]
├> eval_acc5_per_task [69.00 78.40 77.50 79.80 79.80 84.70 90.00 78.60]
├> eval_nme1_per_task [35.80 40.00 43.50 45.40 48.10 61.20 67.30 65.40]
├> eval_nme5_per_task [59.60 64.90 70.20 75.20 75.50 82.00 87.30 88.90]
├> acc1_curve [69.80 68.00 65.97 62.85 60.42 58.35 58.14 56.10]
├> acc5_curve [92.70 89.70 87.10 84.45 82.96 81.40 80.81 79.72]
├> nme1_curve [70.20 67.40 65.33 61.25 57.46 53.95 53.14 50.84]
└> nme5_curve [93.50 90.10 86.97 83.88 80.66 78.08 76.71 75.45]
2026-03-12 12:28:55.523 | SUCCESS  | methods.tagfex.tagfex:train:255 - R0T[9/10]E[170/170] train
├> eval_acc1 53.38 eval_acc5 78.44 eval_nme1 47.37 eval_nme5 73.01 avg_acc1 61.45 avg_acc5 84.14 avg_nme1 58.55 avg_nme5 82.04
├> eval_acc1_per_task [42.80 50.20 52.30 50.90 53.90 60.80 68.30 69.60 31.60]
├> eval_acc5_per_task [68.00 76.50 75.40 78.40 78.50 81.50 87.00 88.00 72.70]
├> eval_nme1_per_task [33.20 37.90 38.60 42.70 42.60 50.00 59.80 57.50 64.00]
├> eval_nme5_per_task [58.00 61.30 67.40 71.80 70.20 78.00 83.00 82.50 84.90]
├> acc1_curve [69.80 68.00 65.97 62.85 60.42 58.35 58.14 56.10 53.38]
├> acc5_curve [92.70 89.70 87.10 84.45 82.96 81.40 80.81 79.72 78.44]
├> nme1_curve [70.20 67.40 65.33 61.25 57.46 53.95 53.14 50.84 47.37]
└> nme5_curve [93.50 90.10 86.97 83.88 80.66 78.08 76.71 75.45 73.01]
2026-03-12 13:16:39.590 | SUCCESS  | methods.tagfex.tagfex:train:255 - R0T[10/10]E[170/170] train
├> eval_acc1 51.85 eval_acc5 76.94 eval_nme1 44.66 eval_nme5 70.77 avg_acc1 60.49 avg_acc5 83.42 avg_nme1 57.16 avg_nme5 80.91
├> eval_acc1_per_task [40.90 48.30 51.00 51.10 51.40 55.30 62.50 61.80 68.40 27.80]
├> eval_acc5_per_task [67.80 75.00 73.30 75.80 75.30 79.90 83.50 84.60 85.30 68.90]
├> eval_nme1_per_task [28.40 34.40 35.10 37.40 37.30 45.40 53.80 53.10 58.50 63.20]
├> eval_nme5_per_task [54.30 59.00 63.30 66.70 66.40 74.30 79.60 78.60 82.40 83.10]
├> acc1_curve [69.80 68.00 65.97 62.85 60.42 58.35 58.14 56.10 53.38 51.85]
├> acc5_curve [92.70 89.70 87.10 84.45 82.96 81.40 80.81 79.72 78.44 76.94]
├> nme1_curve [70.20 67.40 65.33 61.25 57.46 53.95 53.14 50.84 47.37 44.66]
└> nme5_curve [93.50 90.10 86.97 83.88 80.66 78.08 76.71 75.45 73.01 70.77]
2026-03-12 13:16:39.591 | SUCCESS  | methods.tagfex.tagfex:train:268 - R0T[10/10]E[170/170] train
├> avg_acc1 60.49 avg_acc5 83.42 avg_nme1 57.16 avg_nme5 80.91
├> acc1_curve [69.80 68.00 65.97 62.85 60.42 58.35 58.14 56.10 53.38 51.85]
├> acc5_curve [92.70 89.70 87.10 84.45 82.96 81.40 80.81 79.72 78.44 76.94]
├> nme1_curve [70.20 67.40 65.33 61.25 57.46 53.95 53.14 50.84 47.37 44.66]
└> nme5_curve [93.50 90.10 86.97 83.88 80.66 78.08 76.71 75.45 73.01 70.77]
