2026-03-12 01:42:28.888 | SUCCESS  | methods.tagfex.tagfex:train:255 - R0T[1/10]E[200/200] train
├> eval_acc1 92.60 eval_acc5 99.50 eval_nme1 92.30 eval_nme5 99.50 acc1_curve 92.60 acc5_curve 99.50 nme1_curve 92.30 nme5_curve 99.50 avg_acc1 92.60 avg_acc5 99.50 avg_nme1 92.30 avg_nme5 99.50
├> eval_acc1_per_task [92.60]
├> eval_acc5_per_task [99.50]
├> eval_nme1_per_task [92.30]
└> eval_nme5_per_task [99.50]
2026-03-12 02:20:39.051 | SUCCESS  | methods.tagfex.tagfex:train:255 - R0T[2/10]E[170/170] train
├> eval_acc1 85.30 eval_acc5 97.60 eval_nme1 84.45 eval_nme5 97.85 avg_acc1 88.95 avg_acc5 98.55 avg_nme1 88.38 avg_nme5 98.68
├> eval_acc1_per_task [89.80 80.80]
├> eval_acc5_per_task [98.40 96.80]
├> eval_nme1_per_task [87.60 81.30]
├> eval_nme5_per_task [98.60 97.10]
├> acc1_curve [92.60 85.30]
├> acc5_curve [99.50 97.60]
├> nme1_curve [92.30 84.45]
└> nme5_curve [99.50 97.85]
2026-03-12 02:59:42.158 | SUCCESS  | methods.tagfex.tagfex:train:255 - R0T[3/10]E[170/170] train
├> eval_acc1 83.70 eval_acc5 96.77 eval_nme1 82.17 eval_nme5 96.50 avg_acc1 87.20 avg_acc5 97.96 avg_nme1 86.31 avg_nme5 97.95
├> eval_acc1_per_task [84.60 78.40 88.10]
├> eval_acc5_per_task [97.10 95.30 97.90]
├> eval_nme1_per_task [83.80 75.30 87.40]
├> eval_nme5_per_task [97.50 94.40 97.60]
├> acc1_curve [92.60 85.30 83.70]
├> acc5_curve [99.50 97.60 96.77]
├> nme1_curve [92.30 84.45 82.17]
└> nme5_curve [99.50 97.85 96.50]
2026-03-12 03:41:13.559 | SUCCESS  | methods.tagfex.tagfex:train:255 - R0T[4/10]E[170/170] train
├> eval_acc1 80.68 eval_acc5 95.62 eval_nme1 78.60 eval_nme5 95.60 avg_acc1 85.57 avg_acc5 97.37 avg_nme1 84.38 avg_nme5 97.36
├> eval_acc1_per_task [81.90 75.00 85.00 80.80]
├> eval_acc5_per_task [96.00 93.30 96.20 97.00]
├> eval_nme1_per_task [79.20 70.80 81.50 82.90]
├> eval_nme5_per_task [96.10 93.00 96.20 97.10]
├> acc1_curve [92.60 85.30 83.70 80.68]
├> acc5_curve [99.50 97.60 96.77 95.62]
├> nme1_curve [92.30 84.45 82.17 78.60]
└> nme5_curve [99.50 97.85 96.50 95.60]
2026-03-12 04:24:56.817 | SUCCESS  | methods.tagfex.tagfex:train:255 - R0T[5/10]E[170/170] train
├> eval_acc1 78.42 eval_acc5 94.72 eval_nme1 75.52 eval_nme5 94.80 avg_acc1 84.14 avg_acc5 96.84 avg_nme1 82.61 avg_nme5 96.85
├> eval_acc1_per_task [79.20 69.70 81.30 79.00 82.90]
├> eval_acc5_per_task [95.10 91.20 95.10 94.40 97.80]
├> eval_nme1_per_task [75.30 65.50 76.80 73.70 86.30]
├> eval_nme5_per_task [94.20 91.60 95.00 95.50 97.70]
├> acc1_curve [92.60 85.30 83.70 80.68 78.42]
├> acc5_curve [99.50 97.60 96.77 95.62 94.72]
├> nme1_curve [92.30 84.45 82.17 78.60 75.52]
└> nme5_curve [99.50 97.85 96.50 95.60 94.80]
2026-03-12 05:11:59.614 | SUCCESS  | methods.tagfex.tagfex:train:255 - R0T[6/10]E[170/170] train
├> eval_acc1 76.78 eval_acc5 93.92 eval_nme1 73.17 eval_nme5 92.92 avg_acc1 82.91 avg_acc5 96.35 avg_nme1 81.03 avg_nme5 96.19
├> eval_acc1_per_task [76.40 69.40 79.80 74.90 82.10 78.10]
├> eval_acc5_per_task [93.60 89.50 94.60 93.70 96.00 96.10]
├> eval_nme1_per_task [72.50 62.90 72.80 69.50 78.60 82.70]
├> eval_nme5_per_task [91.30 88.50 92.50 92.70 96.40 96.10]
├> acc1_curve [92.60 85.30 83.70 80.68 78.42 76.78]
├> acc5_curve [99.50 97.60 96.77 95.62 94.72 93.92]
├> nme1_curve [92.30 84.45 82.17 78.60 75.52 73.17]
└> nme5_curve [99.50 97.85 96.50 95.60 94.80 92.92]
2026-03-12 06:01:08.934 | SUCCESS  | methods.tagfex.tagfex:train:255 - R0T[7/10]E[170/170] train
├> eval_acc1 75.56 eval_acc5 92.91 eval_nme1 70.76 eval_nme5 91.74 avg_acc1 81.86 avg_acc5 95.86 avg_nme1 79.57 avg_nme5 95.56
├> eval_acc1_per_task [74.00 66.40 77.50 71.70 77.30 81.40 80.60]
├> eval_acc5_per_task [92.50 86.70 93.10 92.50 94.60 94.60 96.40]
├> eval_nme1_per_task [69.90 59.10 70.60 66.20 74.10 71.90 83.50]
├> eval_nme5_per_task [89.60 86.30 90.30 91.70 94.50 94.70 95.10]
├> acc1_curve [92.60 85.30 83.70 80.68 78.42 76.78 75.56]
├> acc5_curve [99.50 97.60 96.77 95.62 94.72 93.92 92.91]
├> nme1_curve [92.30 84.45 82.17 78.60 75.52 73.17 70.76]
└> nme5_curve [99.50 97.85 96.50 95.60 94.80 92.92 91.74]
2026-03-12 06:52:53.538 | SUCCESS  | methods.tagfex.tagfex:train:255 - R0T[8/10]E[170/170] train
├> eval_acc1 73.19 eval_acc5 92.30 eval_nme1 67.26 eval_nme5 90.84 avg_acc1 80.78 avg_acc5 95.42 avg_nme1 78.03 avg_nme5 94.97
├> eval_acc1_per_task [72.90 65.90 77.00 69.90 74.10 71.80 83.60 70.30]
├> eval_acc5_per_task [91.60 86.90 92.80 91.10 93.20 91.90 95.10 95.80]
├> eval_nme1_per_task [67.90 56.30 68.80 60.30 68.10 62.20 72.40 82.10]
├> eval_nme5_per_task [88.30 84.60 87.90 90.80 92.70 92.70 93.60 96.10]
├> acc1_curve [92.60 85.30 83.70 80.68 78.42 76.78 75.56 73.19]
├> acc5_curve [99.50 97.60 96.77 95.62 94.72 93.92 92.91 92.30]
├> nme1_curve [92.30 84.45 82.17 78.60 75.52 73.17 70.76 67.26]
└> nme5_curve [99.50 97.85 96.50 95.60 94.80 92.92 91.74 90.84]
2026-03-12 07:47:31.840 | SUCCESS  | methods.tagfex.tagfex:train:255 - R0T[9/10]E[170/170] train
├> eval_acc1 70.77 eval_acc5 91.73 eval_nme1 64.80 eval_nme5 89.12 avg_acc1 79.67 avg_acc5 95.01 avg_nme1 76.56 avg_nme5 94.32
├> eval_acc1_per_task [72.80 64.00 74.60 66.80 68.40 64.80 78.20 82.70 64.60]
├> eval_acc5_per_task [90.70 85.80 90.90 91.00 92.00 91.80 93.90 95.20 94.30]
├> eval_nme1_per_task [63.10 51.80 64.20 58.10 65.30 57.70 67.10 77.30 78.60]
├> eval_nme5_per_task [86.30 81.70 86.00 87.90 90.20 88.90 91.30 95.20 94.60]
├> acc1_curve [92.60 85.30 83.70 80.68 78.42 76.78 75.56 73.19 70.77]
├> acc5_curve [99.50 97.60 96.77 95.62 94.72 93.92 92.91 92.30 91.73]
├> nme1_curve [92.30 84.45 82.17 78.60 75.52 73.17 70.76 67.26 64.80]
└> nme5_curve [99.50 97.85 96.50 95.60 94.80 92.92 91.74 90.84 89.12]
2026-03-12 08:44:35.893 | SUCCESS  | methods.tagfex.tagfex:train:255 - R0T[10/10]E[170/170] train
├> eval_acc1 69.82 eval_acc5 91.28 eval_nme1 63.26 eval_nme5 88.24 avg_acc1 78.68 avg_acc5 94.64 avg_nme1 75.23 avg_nme5 93.71
├> eval_acc1_per_task [69.70 60.70 73.00 65.40 66.50 63.00 72.90 76.00 83.70 67.30]
├> eval_acc5_per_task [89.60 85.40 90.80 89.50 91.30 90.50 93.60 94.30 94.40 93.40]
├> eval_nme1_per_task [61.30 50.70 62.50 55.00 62.70 54.10 64.70 70.60 75.00 76.00]
├> eval_nme5_per_task [84.40 80.60 85.20 86.30 88.90 87.70 90.90 92.90 93.00 92.50]
├> acc1_curve [92.60 85.30 83.70 80.68 78.42 76.78 75.56 73.19 70.77 69.82]
├> acc5_curve [99.50 97.60 96.77 95.62 94.72 93.92 92.91 92.30 91.73 91.28]
├> nme1_curve [92.30 84.45 82.17 78.60 75.52 73.17 70.76 67.26 64.80 63.26]
└> nme5_curve [99.50 97.85 96.50 95.60 94.80 92.92 91.74 90.84 89.12 88.24]
2026-03-12 08:44:35.895 | SUCCESS  | methods.tagfex.tagfex:train:268 - R0T[10/10]E[170/170] train
├> avg_acc1 78.68 avg_acc5 94.64 avg_nme1 75.23 avg_nme5 93.71
├> acc1_curve [92.60 85.30 83.70 80.68 78.42 76.78 75.56 73.19 70.77 69.82]
├> acc5_curve [99.50 97.60 96.77 95.62 94.72 93.92 92.91 92.30 91.73 91.28]
├> nme1_curve [92.30 84.45 82.17 78.60 75.52 73.17 70.76 67.26 64.80 63.26]
└> nme5_curve [99.50 97.85 96.50 95.60 94.80 92.92 91.74 90.84 89.12 88.24]
