2025-11-19 16:46:45.777 | SUCCESS  | methods.tagfex.tagfex:train:232 - R0T[1/6]E[200/200] train
├> eval_acc1 84.04 eval_acc5 96.90 eval_nme1 83.84 eval_nme5 96.92 acc1_curve 84.04 acc5_curve 96.90 nme1_curve 83.84 nme5_curve 96.92 avg_acc1 84.04 avg_acc5 96.90 avg_nme1 83.84 avg_nme5 96.92
├> eval_acc1_per_task [84.04]
├> eval_acc5_per_task [96.90]
├> eval_nme1_per_task [83.84]
└> eval_nme5_per_task [96.92]
2025-11-19 18:20:43.873 | SUCCESS  | methods.tagfex.tagfex:train:232 - R0T[2/6]E[170/170] train
├> eval_acc1 80.17 eval_acc5 95.87 eval_nme1 80.43 eval_nme5 95.67 avg_acc1 82.10 avg_acc5 96.38 avg_nme1 82.14 avg_nme5 96.29
├> eval_acc1_per_task [82.64 67.80]
├> eval_acc5_per_task [95.74 96.50]
├> eval_nme1_per_task [80.06 82.30]
├> eval_nme5_per_task [95.30 97.50]
├> acc1_curve [84.04 80.17]
├> acc5_curve [96.90 95.87]
├> nme1_curve [83.84 80.43]
└> nme5_curve [96.92 95.67]
2025-11-19 20:02:22.581 | SUCCESS  | methods.tagfex.tagfex:train:232 - R0T[3/6]E[170/170] train
├> eval_acc1 78.33 eval_acc5 94.71 eval_nme1 78.24 eval_nme5 94.90 avg_acc1 80.85 avg_acc5 95.83 avg_nme1 80.84 avg_nme5 95.83
├> eval_acc1_per_task [77.72 84.70 75.00]
├> eval_acc5_per_task [94.22 95.90 96.00]
├> eval_nme1_per_task [77.34 75.30 85.70]
├> eval_nme5_per_task [94.26 96.40 96.60]
├> acc1_curve [84.04 80.17 78.33]
├> acc5_curve [96.90 95.87 94.71]
├> nme1_curve [83.84 80.43 78.24]
└> nme5_curve [96.92 95.67 94.90]
2025-11-19 21:49:30.115 | SUCCESS  | methods.tagfex.tagfex:train:232 - R0T[4/6]E[170/170] train
├> eval_acc1 75.12 eval_acc5 93.89 eval_nme1 74.56 eval_nme5 93.90 avg_acc1 79.42 avg_acc5 95.34 avg_nme1 79.27 avg_nme5 95.35
├> eval_acc1_per_task [74.66 75.70 84.70 67.30]
├> eval_acc5_per_task [93.22 93.30 95.50 96.20]
├> eval_nme1_per_task [74.40 66.10 76.80 81.60]
├> eval_nme5_per_task [92.94 95.00 94.20 97.30]
├> acc1_curve [84.04 80.17 78.33 75.12]
├> acc5_curve [96.90 95.87 94.71 93.89]
├> nme1_curve [83.84 80.43 78.24 74.56]
└> nme5_curve [96.92 95.67 94.90 93.90]
2025-11-19 23:45:10.936 | SUCCESS  | methods.tagfex.tagfex:train:232 - R0T[5/6]E[170/170] train
├> eval_acc1 73.11 eval_acc5 92.83 eval_nme1 71.98 eval_nme5 92.66 avg_acc1 78.15 avg_acc5 94.84 avg_nme1 77.81 avg_nme5 94.81
├> eval_acc1_per_task [71.82 68.30 79.90 81.30 69.40]
├> eval_acc5_per_task [91.48 92.50 94.50 96.50 94.60]
├> eval_nme1_per_task [70.94 63.30 71.90 76.40 81.50]
├> eval_nme5_per_task [91.34 92.90 93.40 96.00 94.90]
├> acc1_curve [84.04 80.17 78.33 75.12 73.11]
├> acc5_curve [96.90 95.87 94.71 93.89 92.83]
├> nme1_curve [83.84 80.43 78.24 74.56 71.98]
└> nme5_curve [96.92 95.67 94.90 93.90 92.66]
2025-11-20 01:44:29.789 | SUCCESS  | methods.tagfex.tagfex:train:232 - R0T[6/6]E[170/170] train
├> eval_acc1 71.91 eval_acc5 92.29 eval_nme1 70.11 eval_nme5 91.64 avg_acc1 77.11 avg_acc5 94.42 avg_nme1 76.53 avg_nme5 94.28
├> eval_acc1_per_task [68.96 66.20 77.10 76.00 85.10 69.90]
├> eval_acc5_per_task [90.72 92.10 94.30 95.10 95.10 92.70]
├> eval_nme1_per_task [68.62 59.80 69.30 70.70 79.10 79.10]
├> eval_nme5_per_task [90.10 90.70 91.90 94.40 94.10 94.80]
├> acc1_curve [84.04 80.17 78.33 75.12 73.11 71.91]
├> acc5_curve [96.90 95.87 94.71 93.89 92.83 92.29]
├> nme1_curve [83.84 80.43 78.24 74.56 71.98 70.11]
└> nme5_curve [96.92 95.67 94.90 93.90 92.66 91.64]
2025-11-20 01:44:29.808 | SUCCESS  | methods.tagfex.tagfex:train:245 - R0T[6/6]E[170/170] train
├> avg_acc1 77.11 avg_acc5 94.42 avg_nme1 76.53 avg_nme5 94.28
├> acc1_curve [84.04 80.17 78.33 75.12 73.11 71.91]
├> acc5_curve [96.90 95.87 94.71 93.89 92.83 92.29]
├> nme1_curve [83.84 80.43 78.24 74.56 71.98 70.11]
└> nme5_curve [96.92 95.67 94.90 93.90 92.66 91.64]
