2026-03-11 11:30:25.930 | SUCCESS  | methods.tagfex.tagfex:train:255 - R0T[1/10]E[200/200] train
├> eval_acc1 92.70 eval_acc5 99.90 eval_nme1 92.60 eval_nme5 99.80 acc1_curve 92.70 acc5_curve 99.90 nme1_curve 92.60 nme5_curve 99.80 avg_acc1 92.70 avg_acc5 99.90 avg_nme1 92.60 avg_nme5 99.80
├> eval_acc1_per_task [92.70]
├> eval_acc5_per_task [99.90]
├> eval_nme1_per_task [92.60]
└> eval_nme5_per_task [99.80]
2026-03-11 12:09:52.650 | SUCCESS  | methods.tagfex.tagfex:train:255 - R0T[2/10]E[170/170] train
├> eval_acc1 85.55 eval_acc5 98.00 eval_nme1 85.40 eval_nme5 98.00 avg_acc1 89.12 avg_acc5 98.95 avg_nme1 89.00 avg_nme5 98.90
├> eval_acc1_per_task [89.30 81.80]
├> eval_acc5_per_task [98.50 97.50]
├> eval_nme1_per_task [88.60 82.20]
├> eval_nme5_per_task [98.30 97.70]
├> acc1_curve [92.70 85.55]
├> acc5_curve [99.90 98.00]
├> nme1_curve [92.60 85.40]
└> nme5_curve [99.80 98.00]
2026-03-11 12:49:25.652 | SUCCESS  | methods.tagfex.tagfex:train:255 - R0T[3/10]E[170/170] train
├> eval_acc1 84.33 eval_acc5 96.80 eval_nme1 83.20 eval_nme5 96.83 avg_acc1 87.53 avg_acc5 98.23 avg_nme1 87.07 avg_nme5 98.21
├> eval_acc1_per_task [85.30 79.80 87.90]
├> eval_acc5_per_task [96.80 95.40 98.20]
├> eval_nme1_per_task [84.60 75.20 89.80]
├> eval_nme5_per_task [97.00 95.80 97.70]
├> acc1_curve [92.70 85.55 84.33]
├> acc5_curve [99.90 98.00 96.80]
├> nme1_curve [92.60 85.40 83.20]
└> nme5_curve [99.80 98.00 96.83]
2026-03-11 13:32:17.093 | SUCCESS  | methods.tagfex.tagfex:train:255 - R0T[4/10]E[170/170] train
├> eval_acc1 81.43 eval_acc5 95.80 eval_nme1 79.53 eval_nme5 95.45 avg_acc1 86.00 avg_acc5 97.62 avg_nme1 85.18 avg_nme5 97.52
├> eval_acc1_per_task [82.10 75.60 86.00 82.00]
├> eval_acc5_per_task [96.30 93.10 96.80 97.00]
├> eval_nme1_per_task [79.40 71.30 83.50 83.90]
├> eval_nme5_per_task [94.70 93.50 96.20 97.40]
├> acc1_curve [92.70 85.55 84.33 81.43]
├> acc5_curve [99.90 98.00 96.80 95.80]
├> nme1_curve [92.60 85.40 83.20 79.53]
└> nme5_curve [99.80 98.00 96.83 95.45]
2026-03-11 14:19:08.444 | SUCCESS  | methods.tagfex.tagfex:train:255 - R0T[5/10]E[170/170] train
├> eval_acc1 79.62 eval_acc5 94.92 eval_nme1 76.62 eval_nme5 94.50 avg_acc1 84.73 avg_acc5 97.08 avg_nme1 83.47 avg_nme5 96.92
├> eval_acc1_per_task [79.70 70.60 82.50 81.10 84.20]
├> eval_acc5_per_task [95.30 90.30 96.10 95.10 97.80]
├> eval_nme1_per_task [75.70 64.50 79.00 76.40 87.50]
├> eval_nme5_per_task [93.50 91.10 95.10 95.10 97.70]
├> acc1_curve [92.70 85.55 84.33 81.43 79.62]
├> acc5_curve [99.90 98.00 96.80 95.80 94.92]
├> nme1_curve [92.60 85.40 83.20 79.53 76.62]
└> nme5_curve [99.80 98.00 96.83 95.45 94.50]
2026-03-11 15:09:55.690 | SUCCESS  | methods.tagfex.tagfex:train:255 - R0T[6/10]E[170/170] train
├> eval_acc1 77.95 eval_acc5 93.92 eval_nme1 73.73 eval_nme5 93.00 avg_acc1 83.60 avg_acc5 96.56 avg_nme1 81.85 avg_nme5 96.26
├> eval_acc1_per_task [75.80 70.60 80.50 76.80 86.00 78.00]
├> eval_acc5_per_task [93.50 89.40 95.20 94.20 96.00 95.20]
├> eval_nme1_per_task [72.20 60.90 75.70 71.50 78.90 83.20]
├> eval_nme5_per_task [91.50 88.00 93.20 94.10 95.40 95.80]
├> acc1_curve [92.70 85.55 84.33 81.43 79.62 77.95]
├> acc5_curve [99.90 98.00 96.80 95.80 94.92 93.92]
├> nme1_curve [92.60 85.40 83.20 79.53 76.62 73.73]
└> nme5_curve [99.80 98.00 96.83 95.45 94.50 93.00]
2026-03-11 16:04:06.729 | SUCCESS  | methods.tagfex.tagfex:train:255 - R0T[7/10]E[170/170] train
├> eval_acc1 76.21 eval_acc5 93.33 eval_nme1 71.77 eval_nme5 92.17 avg_acc1 82.54 avg_acc5 96.10 avg_nme1 80.41 avg_nme5 95.68
├> eval_acc1_per_task [74.00 68.90 78.90 74.30 80.00 79.10 78.30]
├> eval_acc5_per_task [92.90 88.40 94.50 92.00 94.60 94.20 96.70]
├> eval_nme1_per_task [70.00 59.10 73.80 67.70 75.50 72.90 83.40]
├> eval_nme5_per_task [90.40 85.70 92.50 92.00 94.40 94.10 96.10]
├> acc1_curve [92.70 85.55 84.33 81.43 79.62 77.95 76.21]
├> acc5_curve [99.90 98.00 96.80 95.80 94.92 93.92 93.33]
├> nme1_curve [92.60 85.40 83.20 79.53 76.62 73.73 71.77]
└> nme5_curve [99.80 98.00 96.83 95.45 94.50 93.00 92.17]
2026-03-11 17:00:54.592 | SUCCESS  | methods.tagfex.tagfex:train:255 - R0T[8/10]E[170/170] train
├> eval_acc1 74.26 eval_acc5 92.91 eval_nme1 68.51 eval_nme5 91.15 avg_acc1 81.51 avg_acc5 95.70 avg_nme1 78.92 avg_nme5 95.11
├> eval_acc1_per_task [73.40 67.10 79.10 72.80 76.80 72.70 83.70 68.50]
├> eval_acc5_per_task [92.00 88.30 94.20 91.50 94.10 92.00 95.60 95.60]
├> eval_nme1_per_task [67.20 58.30 72.40 62.00 69.00 63.90 73.90 81.40]
├> eval_nme5_per_task [89.60 84.20 90.60 90.20 92.90 92.30 93.60 95.80]
├> acc1_curve [92.70 85.55 84.33 81.43 79.62 77.95 76.21 74.26]
├> acc5_curve [99.90 98.00 96.80 95.80 94.92 93.92 93.33 92.91]
├> nme1_curve [92.60 85.40 83.20 79.53 76.62 73.73 71.77 68.51]
└> nme5_curve [99.80 98.00 96.83 95.45 94.50 93.00 92.17 91.15]
2026-03-11 18:00:55.435 | SUCCESS  | methods.tagfex.tagfex:train:255 - R0T[9/10]E[170/170] train
├> eval_acc1 72.07 eval_acc5 92.24 eval_nme1 66.16 eval_nme5 89.72 avg_acc1 80.46 avg_acc5 95.31 avg_nme1 77.50 avg_nme5 94.51
├> eval_acc1_per_task [72.20 66.60 75.20 70.60 71.10 65.90 77.70 81.20 68.10]
├> eval_acc5_per_task [90.80 86.80 92.90 90.80 92.50 91.30 93.90 95.50 95.70]
├> eval_nme1_per_task [63.60 53.90 67.50 60.60 66.60 62.40 66.20 75.80 78.80]
├> eval_nme5_per_task [86.70 81.50 88.40 88.40 91.50 89.90 91.30 95.10 94.70]
├> acc1_curve [92.70 85.55 84.33 81.43 79.62 77.95 76.21 74.26 72.07]
├> acc5_curve [99.90 98.00 96.80 95.80 94.92 93.92 93.33 92.91 92.24]
├> nme1_curve [92.60 85.40 83.20 79.53 76.62 73.73 71.77 68.51 66.16]
└> nme5_curve [99.80 98.00 96.83 95.45 94.50 93.00 92.17 91.15 89.72]
2026-03-11 19:04:13.577 | SUCCESS  | methods.tagfex.tagfex:train:255 - R0T[10/10]E[170/170] train
├> eval_acc1 70.95 eval_acc5 91.74 eval_nme1 65.15 eval_nme5 89.00 avg_acc1 79.51 avg_acc5 94.96 avg_nme1 76.27 avg_nme5 93.96
├> eval_acc1_per_task [70.30 63.40 73.40 70.90 70.40 63.60 73.30 74.50 83.20 66.50]
├> eval_acc5_per_task [89.90 86.60 92.10 90.40 92.40 89.80 92.90 94.30 96.00 93.00]
├> eval_nme1_per_task [62.10 52.80 66.30 59.10 64.80 58.40 64.80 70.50 76.00 76.70]
├> eval_nme5_per_task [85.80 80.40 87.90 86.80 90.30 88.90 89.90 93.80 93.10 93.10]
├> acc1_curve [92.70 85.55 84.33 81.43 79.62 77.95 76.21 74.26 72.07 70.95]
├> acc5_curve [99.90 98.00 96.80 95.80 94.92 93.92 93.33 92.91 92.24 91.74]
├> nme1_curve [92.60 85.40 83.20 79.53 76.62 73.73 71.77 68.51 66.16 65.15]
└> nme5_curve [99.80 98.00 96.83 95.45 94.50 93.00 92.17 91.15 89.72 89.00]
2026-03-11 19:04:13.596 | SUCCESS  | methods.tagfex.tagfex:train:268 - R0T[10/10]E[170/170] train
├> avg_acc1 79.51 avg_acc5 94.96 avg_nme1 76.27 avg_nme5 93.96
├> acc1_curve [92.70 85.55 84.33 81.43 79.62 77.95 76.21 74.26 72.07 70.95]
├> acc5_curve [99.90 98.00 96.80 95.80 94.92 93.92 93.33 92.91 92.24 91.74]
├> nme1_curve [92.60 85.40 83.20 79.53 76.62 73.73 71.77 68.51 66.16 65.15]
└> nme5_curve [99.80 98.00 96.83 95.45 94.50 93.00 92.17 91.15 89.72 89.00]
