2025-11-22 02:14:51.623 | SUCCESS  | methods.tagfex.tagfex:train:232 - R0T[1/10]E[200/200] train
├> eval_acc1 93.40 eval_acc5 99.80 eval_nme1 93.20 eval_nme5 99.90 acc1_curve 93.40 acc5_curve 99.80 nme1_curve 93.20 nme5_curve 99.90 avg_acc1 93.40 avg_acc5 99.80 avg_nme1 93.20 avg_nme5 99.90
├> eval_acc1_per_task [93.40]
├> eval_acc5_per_task [99.80]
├> eval_nme1_per_task [93.20]
└> eval_nme5_per_task [99.90]
2025-11-22 04:24:20.932 | SUCCESS  | methods.tagfex.tagfex:train:232 - R0T[2/10]E[170/170] train
├> eval_acc1 86.05 eval_acc5 98.25 eval_nme1 85.70 eval_nme5 98.10 avg_acc1 89.72 avg_acc5 99.03 avg_nme1 89.45 avg_nme5 99.00
├> eval_acc1_per_task [89.80 82.30]
├> eval_acc5_per_task [98.80 97.70]
├> eval_nme1_per_task [88.70 82.70]
├> eval_nme5_per_task [98.60 97.60]
├> acc1_curve [93.40 86.05]
├> acc5_curve [99.80 98.25]
├> nme1_curve [93.20 85.70]
└> nme5_curve [99.90 98.10]
2025-11-22 06:45:29.835 | SUCCESS  | methods.tagfex.tagfex:train:232 - R0T[3/10]E[170/170] train
├> eval_acc1 84.17 eval_acc5 97.07 eval_nme1 82.93 eval_nme5 96.70 avg_acc1 87.87 avg_acc5 98.37 avg_nme1 87.28 avg_nme5 98.23
├> eval_acc1_per_task [85.10 79.90 87.50]
├> eval_acc5_per_task [97.50 95.50 98.20]
├> eval_nme1_per_task [84.70 76.70 87.40]
├> eval_nme5_per_task [96.90 95.40 97.80]
├> acc1_curve [93.40 86.05 84.17]
├> acc5_curve [99.80 98.25 97.07]
├> nme1_curve [93.20 85.70 82.93]
└> nme5_curve [99.90 98.10 96.70]
2025-11-22 09:14:23.271 | SUCCESS  | methods.tagfex.tagfex:train:232 - R0T[4/10]E[170/170] train
├> eval_acc1 81.38 eval_acc5 95.82 eval_nme1 79.15 eval_nme5 95.47 avg_acc1 86.25 avg_acc5 97.74 avg_nme1 85.25 avg_nme5 97.54
├> eval_acc1_per_task [81.30 77.30 85.40 81.50]
├> eval_acc5_per_task [96.70 94.10 96.90 95.60]
├> eval_nme1_per_task [78.50 73.10 81.90 83.10]
├> eval_nme5_per_task [95.30 93.60 96.60 96.40]
├> acc1_curve [93.40 86.05 84.17 81.38]
├> acc5_curve [99.80 98.25 97.07 95.82]
├> nme1_curve [93.20 85.70 82.93 79.15]
└> nme5_curve [99.90 98.10 96.70 95.47]
2025-11-22 11:51:29.959 | SUCCESS  | methods.tagfex.tagfex:train:232 - R0T[5/10]E[170/170] train
├> eval_acc1 79.00 eval_acc5 94.90 eval_nme1 76.66 eval_nme5 94.62 avg_acc1 84.80 avg_acc5 97.17 avg_nme1 83.53 avg_nme5 96.96
├> eval_acc1_per_task [77.40 71.90 81.90 81.00 82.80]
├> eval_acc5_per_task [95.50 92.20 95.90 93.90 97.00]
├> eval_nme1_per_task [75.60 67.50 77.90 76.50 85.80]
├> eval_nme5_per_task [93.80 92.40 94.60 95.20 97.10]
├> acc1_curve [93.40 86.05 84.17 81.38 79.00]
├> acc5_curve [99.80 98.25 97.07 95.82 94.90]
├> nme1_curve [93.20 85.70 82.93 79.15 76.66]
└> nme5_curve [99.90 98.10 96.70 95.47 94.62]
2025-11-22 14:38:46.509 | SUCCESS  | methods.tagfex.tagfex:train:232 - R0T[6/10]E[170/170] train
├> eval_acc1 77.70 eval_acc5 94.18 eval_nme1 73.48 eval_nme5 93.02 avg_acc1 83.62 avg_acc5 96.67 avg_nme1 81.85 avg_nme5 96.30
├> eval_acc1_per_task [74.60 70.60 79.50 77.20 85.60 78.70]
├> eval_acc5_per_task [93.40 91.20 94.90 93.30 96.00 96.30]
├> eval_nme1_per_task [70.70 64.30 73.50 71.70 78.60 82.10]
├> eval_nme5_per_task [91.30 89.20 91.80 93.50 95.40 96.90]
├> acc1_curve [93.40 86.05 84.17 81.38 79.00 77.70]
├> acc5_curve [99.80 98.25 97.07 95.82 94.90 94.18]
├> nme1_curve [93.20 85.70 82.93 79.15 76.66 73.48]
└> nme5_curve [99.90 98.10 96.70 95.47 94.62 93.02]
2025-11-22 17:37:42.495 | SUCCESS  | methods.tagfex.tagfex:train:232 - R0T[7/10]E[170/170] train
├> eval_acc1 75.79 eval_acc5 93.47 eval_nme1 71.37 eval_nme5 92.26 avg_acc1 82.50 avg_acc5 96.21 avg_nme1 80.36 avg_nme5 95.72
├> eval_acc1_per_task [72.10 69.30 77.10 74.00 78.80 81.30 77.90]
├> eval_acc5_per_task [92.10 89.60 94.20 92.30 95.20 95.30 95.60]
├> eval_nme1_per_task [68.70 60.90 72.10 68.10 75.50 72.60 81.70]
├> eval_nme5_per_task [90.20 87.10 90.90 91.50 95.00 95.40 95.70]
├> acc1_curve [93.40 86.05 84.17 81.38 79.00 77.70 75.79]
├> acc5_curve [99.80 98.25 97.07 95.82 94.90 94.18 93.47]
├> nme1_curve [93.20 85.70 82.93 79.15 76.66 73.48 71.37]
└> nme5_curve [99.90 98.10 96.70 95.47 94.62 93.02 92.26]
2025-11-22 20:42:41.744 | SUCCESS  | methods.tagfex.tagfex:train:232 - R0T[8/10]E[170/170] train
├> eval_acc1 73.71 eval_acc5 92.73 eval_nme1 67.62 eval_nme5 91.18 avg_acc1 81.40 avg_acc5 95.78 avg_nme1 78.77 avg_nme5 95.16
├> eval_acc1_per_task [71.80 69.20 76.80 71.50 73.10 71.70 82.50 73.10]
├> eval_acc5_per_task [90.80 89.10 93.60 90.80 94.10 92.80 94.60 96.00]
├> eval_nme1_per_task [65.80 59.90 69.90 62.00 67.00 62.20 71.20 83.00]
├> eval_nme5_per_task [88.90 84.80 89.60 89.50 92.60 93.70 94.00 96.30]
├> acc1_curve [93.40 86.05 84.17 81.38 79.00 77.70 75.79 73.71]
├> acc5_curve [99.80 98.25 97.07 95.82 94.90 94.18 93.47 92.73]
├> nme1_curve [93.20 85.70 82.93 79.15 76.66 73.48 71.37 67.62]
└> nme5_curve [99.90 98.10 96.70 95.47 94.62 93.02 92.26 91.18]
2025-11-22 23:15:40.199 | SUCCESS  | methods.tagfex.tagfex:train:232 - R0T[9/10]E[170/170] train
├> eval_acc1 71.32 eval_acc5 92.02 eval_nme1 65.24 eval_nme5 89.69 avg_acc1 80.28 avg_acc5 95.36 avg_nme1 77.26 avg_nme5 94.55
├> eval_acc1_per_task [69.70 67.30 74.00 68.70 68.90 65.10 77.40 82.30 68.50]
├> eval_acc5_per_task [89.10 87.20 92.20 90.20 93.40 92.20 93.50 95.50 94.90]
├> eval_nme1_per_task [60.90 55.30 66.50 61.20 64.50 58.80 65.40 76.50 78.10]
├> eval_nme5_per_task [85.90 82.20 87.90 87.50 91.00 91.30 91.30 95.80 94.30]
├> acc1_curve [93.40 86.05 84.17 81.38 79.00 77.70 75.79 73.71 71.32]
├> acc5_curve [99.80 98.25 97.07 95.82 94.90 94.18 93.47 92.73 92.02]
├> nme1_curve [93.20 85.70 82.93 79.15 76.66 73.48 71.37 67.62 65.24]
└> nme5_curve [99.90 98.10 96.70 95.47 94.62 93.02 92.26 91.18 89.69]
2025-11-23 01:48:41.250 | SUCCESS  | methods.tagfex.tagfex:train:232 - R0T[10/10]E[170/170] train
├> eval_acc1 70.20 eval_acc5 91.89 eval_nme1 63.74 eval_nme5 88.81 avg_acc1 79.27 avg_acc5 95.01 avg_nme1 75.91 avg_nme5 93.97
├> eval_acc1_per_task [68.00 65.00 71.90 66.60 68.20 63.10 72.20 75.40 84.50 67.10]
├> eval_acc5_per_task [89.50 88.60 92.20 89.30 92.80 91.00 93.40 93.90 95.30 92.90]
├> eval_nme1_per_task [59.10 54.60 64.20 58.40 62.90 54.70 63.00 69.70 74.80 76.00]
├> eval_nme5_per_task [85.10 80.70 87.30 85.70 88.70 89.40 90.70 94.60 92.70 93.20]
├> acc1_curve [93.40 86.05 84.17 81.38 79.00 77.70 75.79 73.71 71.32 70.20]
├> acc5_curve [99.80 98.25 97.07 95.82 94.90 94.18 93.47 92.73 92.02 91.89]
├> nme1_curve [93.20 85.70 82.93 79.15 76.66 73.48 71.37 67.62 65.24 63.74]
└> nme5_curve [99.90 98.10 96.70 95.47 94.62 93.02 92.26 91.18 89.69 88.81]
2025-11-23 01:48:41.251 | SUCCESS  | methods.tagfex.tagfex:train:245 - R0T[10/10]E[170/170] train
├> avg_acc1 79.27 avg_acc5 95.01 avg_nme1 75.91 avg_nme5 93.97
├> acc1_curve [93.40 86.05 84.17 81.38 79.00 77.70 75.79 73.71 71.32 70.20]
├> acc5_curve [99.80 98.25 97.07 95.82 94.90 94.18 93.47 92.73 92.02 91.89]
├> nme1_curve [93.20 85.70 82.93 79.15 76.66 73.48 71.37 67.62 65.24 63.74]
└> nme5_curve [99.90 98.10 96.70 95.47 94.62 93.02 92.26 91.18 89.69 88.81]
